C51 COMPILER V9.54   MAIN                                                                  02/14/2024 21:36:30 PAGE 1   


C51 COMPILER V9.54, COMPILATION OF MODULE MAIN
OBJECT MODULE PLACED IN .\Objects\main.obj
COMPILER INVOKED BY: D:\software\Keil_v5\C51\BIN\C51.EXE main.c OPTIMIZE(8,SPEED) BROWSE DEBUG OBJECTEXTEND PRINT(.\List
                    -ings\main.lst) TABS(2) OBJECT(.\Objects\main.obj)

line level    source

   1          #include <reg52.h>
   2          
   3          #define LCD1602_DB  P0   // LCD1602 æ•°æ®æ€»çº¿æ¥å£å®šä¹‰åœ¨ P0 å£
   4          sbit LCD1602_RS = P1^0;  // æŒ‡å®š LCD1602 çš„ RS ä¿¡å·æ¥å£ä¸º P1^0
   5          sbit LCD1602_RW = P1^1;  // æŒ‡å®š LCD1602 çš„ RW ä¿¡å·æ¥å£ä¸º P1^1
   6          sbit LCD1602_E = P1^5;   // æŒ‡å®š LCD1602 çš„ E ä¿¡å·æ¥å£ä¸º P1^5
   7          
   8          void InitLcd1602();  // LCD1602 åˆå§‹åŒ–å‡½æ•°å£°æ˜
   9          void LcdWaitReady();// ç­‰å¾… LCD1602 å‡†å¤‡å°±ç»ª
  10          void LcdWriteCmd(unsigned char cmd);  // å†™å…¥å‘½ä»¤åˆ° LCD1602
  11          void LcdWriteDat(unsigned char dat);// å†™å…¥æ•°æ®åˆ° LCD1602
  12          void LcdSetCursor(unsigned char x, unsigned char y);// è®¾ç½® LCD1602 çš„æ˜¾ç¤ºä½ç½®
  13          void LcdShowStr(unsigned char x, unsigned char y, unsigned char *str);  // åœ¨æŒ‡å®šä½ç½®æ˜¾ç¤ºå­—ç¬¦ä¸²å
             -‡½æ•°å£°æ˜
  14          
  15          void main()
  16          {
  17   1          unsigned char str[] = "Kingst Studio";  // è¦æ˜¾ç¤ºçš„å­—ç¬¦ä¸²
  18   1      
  19   1          InitLcd1602();  // åˆå§‹åŒ– LCD1602
  20   1          LcdShowStr(2, 0, str);  // åœ¨ç¬¬ä¸€è¡Œç¬¬äºŒåˆ—æ˜¾ç¤º "Kingst Studio"æ•°å­—æ˜¯åæ ‡
  21   1          LcdShowStr(0, 1, "Welcome to KST51");  // åœ¨ç¬¬äºŒè¡Œç¬¬ä¸€åˆ—æ˜¾ç¤º "Welcome to KST51"
  22   1          
  23   1          while(1);  // ä¸»ç¨‹åºå¾ªç¯
  24   1      }
  25          
  26          // ç­‰å¾… LCD1602 å‡†å¤‡å°±ç»ª
  27          void LcdWaitReady()
  28          {
  29   1          unsigned char sta;
  30   1      
  31   1          LCD1602_DB = 0xFF;  // è®¾ç½®æ•°æ®æ€»çº¿ä¸ºè¾“å…¥
  32   1          LCD1602_RS = 0;     // è®¾ç½® RS ä¸ºå‘½ä»¤æ¨¡å¼
  33   1          LCD1602_RW = 1;     // è®¾ç½® RW ä¸ºè¯»æ¨¡å¼
  34   1          do {
  35   2              LCD1602_E = 1;  // ä½¿èƒ½ E ä¿¡å·
  36   2              sta = LCD1602_DB;  // è¯»å–çŠ¶æ€
  37   2              LCD1602_E = 0;  // ç¦èƒ½ E ä¿¡å·
  38   2          } while(sta & 0x80);  // æ£€æŸ¥å¿™æ ‡å¿—
  39   1      }
  40          
  41          // å†™å…¥å‘½ä»¤åˆ° LCD1602
  42          void LcdWriteCmd(unsigned char cmd)
  43          {
  44   1          LcdWaitReady();  // ç­‰å¾… LCD1602 å‡†å¤‡å°±ç»ª å¿™ä½æ£€æµ‹
  45   1          LCD1602_RS = 0;  // å‘½ä»¤æ¨¡å¼
  46   1          LCD1602_RW = 0;  // å†™å…¥æ¨¡å¼
  47   1          LCD1602_DB = cmd;  // å†™å…¥å‘½ä»¤
  48   1          LCD1602_E = 1;  // ä½¿èƒ½ E ä¿¡å·
  49   1          LCD1602_E = 0;  // ç¦èƒ½ E ä¿¡å·
  50   1      }
  51          
  52          // å†™å…¥æ•°æ®åˆ° LCD1602
  53          void LcdWriteDat(unsigned char dat)
C51 COMPILER V9.54   MAIN                                                                  02/14/2024 21:36:30 PAGE 2   

  54          {
  55   1          LcdWaitReady();  // ç­‰å¾… LCD1602 å‡†å¤‡å°±ç»ª
  56   1          LCD1602_RS = 1;  // æ•°æ®æ¨¡å¼
  57   1          LCD1602_RW = 0;  // å†™å…¥æ¨¡å¼
  58   1          LCD1602_DB = dat;  // å†™å…¥æ•°æ®
  59   1          LCD1602_E = 1;  // ä½¿èƒ½ E ä¿¡å·
  60   1          LCD1602_E = 0;  // ç¦èƒ½ E ä¿¡å·
  61   1      }
  62          
  63          // è®¾ç½® LCD1602 çš„æ˜¾ç¤ºä½ç½®
  64          void LcdSetCursor(unsigned char x, unsigned char y)
  65          {
  66   1          unsigned char addr;
  67   1          if(y == 0)
  68   1              addr = 0x00 + x;
  69   1          else
  70   1              addr = 0x40 + x;
  71   1          LcdWriteCmd(addr | 0x80);  // è®¾ç½®å…‰æ ‡ä½ç½®
  72   1      }
  73          
  74          // åœ¨ LCD1602 ä¸Šæ˜¾ç¤ºå­—ç¬¦ä¸²
  75          void LcdShowStr(unsigned char x, unsigned char y, unsigned char *str)
  76          {
  77   1          LcdSetCursor(x, y);  // è®¾ç½®å…‰æ ‡ä½ç½®
  78   1          while(*str != '\0')
  79   1          {
  80   2              LcdWriteDat(*str++);  // é€ä¸ªå†™å…¥å­—ç¬¦
  81   2          }
  82   1      }
  83          
  84          // åˆå§‹åŒ– LCD1602
  85          void InitLcd1602()
  86          {
  87   1          LcdWriteCmd(0x38);  // 8ä½æ•°æ®æ¥å£ï¼Œä¸¤è¡Œæ˜¾ç¤ºï¼Œ5x7 ç‚¹é˜µå­—ç¬¦
  88   1          LcdWriteCmd(0x0C);  // å¼€æ˜¾ç¤ºï¼Œä¸æ˜¾ç¤ºå…‰æ ‡
  89   1          LcdWriteCmd(0x06);  // å…‰æ ‡å³ç§»ï¼Œå­—ç¬¦ä¸ç§»åŠ¨
  90   1          LcdWriteCmd(0x01);  // æ¸…å±
  91   1      }


MODULE INFORMATION:   STATIC OVERLAYABLE
   CODE SIZE        =    178    ----
   CONSTANT SIZE    =     31    ----
   XDATA SIZE       =   ----    ----
   PDATA SIZE       =   ----    ----
   DATA SIZE        =   ----      17
   IDATA SIZE       =   ----    ----
   BIT SIZE         =   ----    ----
END OF MODULE INFORMATION.


C51 COMPILATION COMPLETE.  0 WARNING(S),  0 ERROR(S)
