C51 COMPILER V9.54   EEPROM                                                                02/16/2024 22:20:38 PAGE 1   


C51 COMPILER V9.54, COMPILATION OF MODULE EEPROM
OBJECT MODULE PLACED IN .\Objects\eeprom.obj
COMPILER INVOKED BY: D:\software\Keil_v5\C51\BIN\C51.EXE eeprom.c OPTIMIZE(8,SPEED) BROWSE DEBUG OBJECTEXTEND PRINT(.\Li
                    -stings\eeprom.lst) TABS(2) OBJECT(.\Objects\eeprom.obj)

line level    source

   1          #include <reg52.h>
   2          
   3          extern void I2CStart();
   4          extern void I2CStop();
   5          extern unsigned char I2CReadACK();
   6          extern unsigned char I2CReadNAK();
   7          extern bit I2CWrite(unsigned char dat);
   8          
   9          /* E2读取函数，buf-数据接收指针，addr-E2中的起始地址，len-读取长度 */
  10          void E2Read(unsigned char *buf, unsigned char addr, unsigned char len)
  11          {
  12   1          do {                       //用寻址操作查询当前是否可进行读写操作
  13   2              I2CStart();
  14   2              if (I2CWrite(0x50<<1)) //应答则跳出循环，非应答则进行下一次查询
  15   2              {
  16   3                  break;
  17   3              }
  18   2              I2CStop();
  19   2          } while(1);
  20   1          I2CWrite(addr);            //写入起始地址
  21   1          I2CStart();                //发送重复启动信号
  22   1          I2CWrite((0x50<<1)|0x01);  //寻址器件，后续为读操作
  23   1          while (len > 1)            //连续读取len-1个字节
  24   1          {
  25   2              *buf++ = I2CReadACK(); //最后字节之前为读取操作+应答
  26   2              len--;
  27   2          }
  28   1          *buf = I2CReadNAK();       //最后一个字节为读取操作+非应答
  29   1          I2CStop();
  30   1      }
  31          /* E2写入函数，buf-源数据指针，addr-E2中的起始地址，len-写入长度 */
  32          void E2Write(unsigned char *buf, unsigned char addr, unsigned char len)
  33          {
  34   1          while (len > 0)
  35   1          {
  36   2              //等待上次写入操作完成
  37   2              do {                       //用寻址操作查询当前是否可进行读写操作
  38   3                  I2CStart();
  39   3                  if (I2CWrite(0x50<<1)) //应答则跳出循环，非应答则进行下一次查询
  40   3                  {
  41   4                      break;
  42   4                  }
  43   3                  I2CStop();
  44   3              } while(1);
  45   2              //按页写模式连续写入字节
  46   2              I2CWrite(addr);           //写入起始地址
  47   2              while (len > 0)
  48   2              {
  49   3                  I2CWrite(*buf++);     //写入一个字节数据
  50   3                  len--;                //待写入长度计数递减
  51   3                  addr++;               //E2地址递增
  52   3                  if ((addr&0x07) == 0) //检查地址是否到达页边界，24C02每页8字节，
  53   3                  {                     //所以检测低3位是否为零即可
  54   4                      break;            //到达页边界时，跳出循环，结束本次写操作
C51 COMPILER V9.54   EEPROM                                                                02/16/2024 22:20:38 PAGE 2   

  55   4                  }
  56   3              }
  57   2              I2CStop();
  58   2          }
  59   1      }


MODULE INFORMATION:   STATIC OVERLAYABLE
   CODE SIZE        =    163    ----
   CONSTANT SIZE    =   ----    ----
   XDATA SIZE       =   ----    ----
   PDATA SIZE       =   ----    ----
   DATA SIZE        =   ----      10
   IDATA SIZE       =   ----    ----
   BIT SIZE         =   ----    ----
END OF MODULE INFORMATION.


C51 COMPILATION COMPLETE.  0 WARNING(S),  0 ERROR(S)
