C51 COMPILER V9.54   MAIN                                                                  01/23/2024 21:00:20 PAGE 1   


C51 COMPILER V9.54, COMPILATION OF MODULE MAIN
OBJECT MODULE PLACED IN .\Objects\main.obj
COMPILER INVOKED BY: D:\software\Keil_v5\C51\BIN\C51.EXE main.c OPTIMIZE(8,SPEED) BROWSE DEBUG OBJECTEXTEND PRINT(.\List
                    -ings\main.lst) TABS(2) OBJECT(.\Objects\main.obj)

line level    source

   1          #include<reg52.h>
   2          
   3          sbit ADDR0 = P1^0;
   4          sbit ADDR1 = P1^1;
   5          sbit ADDR2 = P1^2;
   6          sbit ADDR3 = P1^3;
   7          sbit ENLED = P1^4;
   8          
   9          sbit LED9 = P0^7;
  10          sbit LED8 = P0^6;
  11          sbit LED7 = P0^5;
  12          sbit LED6 = P0^4;
  13          
  14          sbit KEY1 = P2^4;
  15          sbit KEY2 = P2^5;
  16          sbit KEY3 = P2^6;
  17          sbit KEY4 = P2^7;
  18          
  19          void main() {
  20   1          bit flag9 = 1;
  21   1          bit flag8 = 1;
  22   1          bit flag7 = 1;
  23   1          bit flag6 = 1;
  24   1      
  25   1          ENLED = 0;
  26   1          ADDR3 = 1;
  27   1          ADDR2 = 1;
  28   1          ADDR1 = 1;
  29   1          ADDR0 = 0;
  30   1          P2 = 0xF7;
  31   1      
  32   1          while (1) {
  33   2              if (KEY1 != flag9) {
  34   3                  if (flag9 == 0) {
  35   4                      LED9 = !LED9;
  36   4                  }
  37   3                  flag9 = KEY1; 
  38   3              }
  39   2              if (KEY2 != flag8) {
  40   3                  if (flag8 == 0) {
  41   4                      LED8 = !LED8;
  42   4                  }
  43   3                  flag8 = KEY2; 
  44   3              }
  45   2              if (KEY3 != flag7) {
  46   3                  if (flag7 == 0) {
  47   4                      LED7 = !LED7;
  48   4                  }
  49   3                  flag7 = KEY3; 
  50   3              }
  51   2              if (KEY4 != flag6) {
  52   3                  if (flag6 == 0) {
  53   4                      LED6 = !LED6;
  54   4                  }
C51 COMPILER V9.54   MAIN                                                                  01/23/2024 21:00:20 PAGE 2   

  55   3                  flag6 = KEY4; 
  56   3              }       
  57   2          }
  58   1      }


MODULE INFORMATION:   STATIC OVERLAYABLE
   CODE SIZE        =     91    ----
   CONSTANT SIZE    =   ----    ----
   XDATA SIZE       =   ----    ----
   PDATA SIZE       =   ----    ----
   DATA SIZE        =   ----    ----
   IDATA SIZE       =   ----    ----
   BIT SIZE         =   ----       4
END OF MODULE INFORMATION.


C51 COMPILATION COMPLETE.  0 WARNING(S),  0 ERROR(S)
