C51 COMPILER V9.54   MAIN                                                                  01/18/2024 18:03:28 PAGE 1   


C51 COMPILER V9.54, COMPILATION OF MODULE MAIN
OBJECT MODULE PLACED IN .\Objects\main.obj
COMPILER INVOKED BY: D:\software\Keil_v5\C51\BIN\C51.EXE main.c OPTIMIZE(8,SPEED) BROWSE DEBUG OBJECTEXTEND PRINT(.\List
                    -ings\main.lst) TABS(2) OBJECT(.\Objects\main.obj)

line level    source

   1          #include<reg52.h>
   2          
   3          sbit LED = P0^0;
   4          sbit ADDR0 = P1^0;
   5          sbit ADDR1 = P1^1;
   6          sbit ADDR2 = P1^2;
   7          sbit ADDR3 = P1^3;
   8          sbit ENLED = P1^4;
   9          
  10          void main()
  11          {
  12   1        unsigned char cnt = 0;
  13   1        unsigned char flag = 0; 
  14   1        //unsigned int i=0;
  15   1        ENLED = 0;
  16   1        ADDR3 = 1;
  17   1        ADDR2 = 1;
  18   1        ADDR1 = 1;
  19   1        ADDR0 = 0;
  20   1      
  21   1        TMOD = 0x01;
  22   1        TH0 = 0xB8; // x * 12 /11059200  = 0.2 x = 18432 TH0 = 65535 + 1 - x 
  23   1        TL0 = 0x00;
  24   1        TR0 = 1;
  25   1        
  26   1        while(1)
  27   1        {
  28   2          if(TF0 == 1)
  29   2          {
  30   3            TF0 = 0;
  31   3            TH0 = 0xB8;
  32   3            TL0 = 0x00;
  33   3            cnt++;
  34   3            if(cnt>=50)
  35   3            {
  36   4              cnt = 0;
  37   4              P0 = ~(0x01<<flag);
  38   4              flag++;
  39   4              if(flag>=8){
  40   5                flag = 0;
  41   5            }
  42   4          }
  43   3        }
  44   2      }
  45   1      }


MODULE INFORMATION:   STATIC OVERLAYABLE
   CODE SIZE        =     67    ----
   CONSTANT SIZE    =   ----    ----
   XDATA SIZE       =   ----    ----
   PDATA SIZE       =   ----    ----
   DATA SIZE        =   ----    ----
   IDATA SIZE       =   ----    ----
C51 COMPILER V9.54   MAIN                                                                  01/18/2024 18:03:28 PAGE 2   

   BIT SIZE         =   ----    ----
END OF MODULE INFORMATION.


C51 COMPILATION COMPLETE.  0 WARNING(S),  0 ERROR(S)
