C51 COMPILER V9.54   MAIN                                                                  02/13/2024 17:14:39 PAGE 1   


C51 COMPILER V9.54, COMPILATION OF MODULE MAIN
OBJECT MODULE PLACED IN .\Objects\main.obj
COMPILER INVOKED BY: D:\software\Keil_v5\C51\BIN\C51.EXE main.c OPTIMIZE(8,SPEED) BROWSE DEBUG OBJECTEXTEND PRINT(.\List
                    -ings\main.lst) TABS(2) OBJECT(.\Objects\main.obj)

line level    source

   1          #include<reg52.h>
   2          
   3          unsigned char code BeatCode[8] = {
   4            0x0E, 0x0C, 0x0D, 0x09, 0x0B, 0x03, 0x07, 0x06};
   5          void delay();
   6          
   7          void main()
   8          {
   9   1        unsigned char tmp;
  10   1        unsigned char index = 0;
  11   1      
  12   1        while(1)
  13   1        {
  14   2          tmp = P1;
  15   2          tmp = tmp & 0xF0; //高四位不变，低四位清零
  16   2          tmp = tmp | BeatCode[index]; //高四位不变，低四位存下一次的节拍
  17   2          P1 = tmp; //赋值
  18   2          index++;
  19   2          index = index & 0x07; //加到8归零
  20   2          delay();
  21   2        }
  22   1      }
  23          
  24          void delay()
  25          { 
  26   1        unsigned int i = 200;
  27   1        while(i--);
  28   1      }


MODULE INFORMATION:   STATIC OVERLAYABLE
   CODE SIZE        =     45    ----
   CONSTANT SIZE    =      8    ----
   XDATA SIZE       =   ----    ----
   PDATA SIZE       =   ----    ----
   DATA SIZE        =   ----       2
   IDATA SIZE       =   ----    ----
   BIT SIZE         =   ----    ----
END OF MODULE INFORMATION.


C51 COMPILATION COMPLETE.  0 WARNING(S),  0 ERROR(S)
