C51 COMPILER V9.54   MAIN                                                                  01/18/2024 19:05:34 PAGE 1   


C51 COMPILER V9.54, COMPILATION OF MODULE MAIN
OBJECT MODULE PLACED IN .\Objects\main.obj
COMPILER INVOKED BY: D:\software\Keil_v5\C51\BIN\C51.EXE main.c OPTIMIZE(8,SPEED) BROWSE DEBUG OBJECTEXTEND PRINT(.\List
                    -ings\main.lst) TABS(2) OBJECT(.\Objects\main.obj)

line level    source

   1          #include<reg52.h>
   2          
   3          sbit LED = P0^0;
   4          sbit ADDR0 = P1^0;
   5          sbit ADDR1 = P1^1;
   6          sbit ADDR2 = P1^2;
   7          sbit ADDR3 = P1^3;
   8          sbit ENLED = P1^4;
   9          
  10          void main(){
  11   1        ENLED = 0;
  12   1        ADDR3 = 1;
  13   1        ADDR2 = 0;
  14   1        ADDR1 = 0;
  15   1        ADDR0 = 0;
  16   1        
  17   1        P0 = 0xF9;
  18   1        while(1){
  19   2          
  20   2        }
  21   1      }


MODULE INFORMATION:   STATIC OVERLAYABLE
   CODE SIZE        =     15    ----
   CONSTANT SIZE    =   ----    ----
   XDATA SIZE       =   ----    ----
   PDATA SIZE       =   ----    ----
   DATA SIZE        =   ----    ----
   IDATA SIZE       =   ----    ----
   BIT SIZE         =   ----    ----
END OF MODULE INFORMATION.


C51 COMPILATION COMPLETE.  0 WARNING(S),  0 ERROR(S)
