C51 COMPILER V9.54   MAIN                                                                  02/14/2024 22:06:37 PAGE 1   


C51 COMPILER V9.54, COMPILATION OF MODULE MAIN
OBJECT MODULE PLACED IN .\Objects\main.obj
COMPILER INVOKED BY: D:\software\Keil_v5\C51\BIN\C51.EXE main.c OPTIMIZE(8,SPEED) BROWSE DEBUG OBJECTEXTEND PRINT(.\List
                    -ings\main.lst) TABS(2) OBJECT(.\Objects\main.obj)

line level    source

   1          #include <reg52.h>
   2          
   3          bit flag500ms = 0;   //500ms定时标志
   4          unsigned char T0RH = 0;  //T0重载值的高字节
   5          unsigned char T0RL = 0;  //T0重载值的低字节
   6          //待显示的第一行字符串
   7          unsigned char code str1[] = "Kingst Studio";
   8          //待显示的第二行字符串，需保持与第一行字符串等长，较短的行可用空格补齐
   9          unsigned char code str2[] = "Let's move...";
  10          
  11          void ConfigTimer0(unsigned int ms);
  12          
  13          extern void InitLcd1602();
  14          extern void LcdShowStr(unsigned char x, unsigned char y,
  15                          unsigned char *str, unsigned char len);
  16          void main()
  17          {
  18   1        unsigned char i = 0;
  19   1        unsigned char index = 0;
  20   1        unsigned char pdata bufMove1[16 + sizeof(str1) + 16];
  21   1        unsigned char pdata bufMove2[16 + sizeof(str2) + 16];
  22   1        EA = 1;            //开总中断
  23   1          ConfigTimer0(10);  //配置T0定时10ms
  24   1          InitLcd1602();     //初始化液晶  
  25   1        for(i=0; i<16; i++)
  26   1        {
  27   2          bufMove1[i] = ' ';
  28   2          bufMove2[i] = ' ';
  29   2        }
  30   1        for(i=0; i<(sizeof(str1)-1); i++)
  31   1        {
  32   2          bufMove1[16 + i] = str1[i];
  33   2          bufMove2[16 + i] = str2[i];
  34   2        }
  35   1        for(i=(16 + sizeof(str1)-1); i<sizeof(bufMove1); i++)
  36   1        {
  37   2          bufMove1[i] = ' ';
  38   2          bufMove2[i] = ' ';
  39   2        }
  40   1         while (1)
  41   1          {
  42   2              if (flag500ms)  //每500ms移动一次屏幕
  43   2              {
  44   3            flag500ms = 0;
  45   3            LcdShowStr(0, 0, bufMove1 + index, 16);
  46   3            LcdShowStr(0, 1, bufMove2 + index, 16);
  47   3            index++;
  48   3            if(index >= (16 + sizeof(str1)-1))
  49   3            {
  50   4              index = 0;  
  51   4            }
  52   3          }
  53   2        }
  54   1      }
C51 COMPILER V9.54   MAIN                                                                  02/14/2024 22:06:37 PAGE 2   

  55          /* 配置并启动T0，ms-T0定时时间 */
  56          void ConfigTimer0(unsigned int ms)
  57          {
  58   1          unsigned long tmp;  //临时变量
  59   1          
  60   1          tmp = 11059200 / 12;      //定时器计数频率
  61   1          tmp = (tmp * ms) / 1000;  //计算所需的计数值
  62   1          tmp = 65536 - tmp;        //计算定时器重载值
  63   1          tmp = tmp + 12;           //补偿中断响应延时造成的误差
  64   1          T0RH = (unsigned char)(tmp>>8);  //定时器重载值拆分为高低字节
  65   1          T0RL = (unsigned char)tmp;
  66   1          TMOD &= 0xF0;   //清零T0的控制位
  67   1          TMOD |= 0x01;   //配置T0为模式1
  68   1          TH0 = T0RH;     //加载T0重载值
  69   1          TL0 = T0RL;
  70   1          ET0 = 1;        //使能T0中断
  71   1          TR0 = 1;        //启动T0
  72   1      }
  73          /* T0中断服务函数，定时500ms */
  74          void InterruptTimer0() interrupt 1
  75          {
  76   1          static unsigned char tmr500ms = 0;
  77   1          
  78   1          TH0 = T0RH;  //重新加载重载值
  79   1          TL0 = T0RL;
  80   1          tmr500ms++;
  81   1          if (tmr500ms >= 50)
  82   1          {
  83   2              tmr500ms = 0;
  84   2              flag500ms = 1;
  85   2          }
  86   1      }


MODULE INFORMATION:   STATIC OVERLAYABLE
   CODE SIZE        =    288    ----
   CONSTANT SIZE    =     28    ----
   XDATA SIZE       =   ----    ----
   PDATA SIZE       =   ----      92
   DATA SIZE        =      3       5
   IDATA SIZE       =   ----    ----
   BIT SIZE         =      1    ----
END OF MODULE INFORMATION.


C51 COMPILATION COMPLETE.  0 WARNING(S),  0 ERROR(S)
