C51 COMPILER V9.54   MAIN                                                                  02/16/2024 17:36:27 PAGE 1   


C51 COMPILER V9.54, COMPILATION OF MODULE MAIN
OBJECT MODULE PLACED IN .\Objects\main.obj
COMPILER INVOKED BY: D:\software\Keil_v5\C51\BIN\C51.EXE main.c OPTIMIZE(8,SPEED) BROWSE DEBUG OBJECTEXTEND PRINT(.\List
                    -ings\main.lst) TABS(2) OBJECT(.\Objects\main.obj)

line level    source

   1          #include <reg52.h>
   2          
   3          extern void InitLcd1602();
   4          extern void LcdShowStr(unsigned char x, unsigned char y, unsigned char *str);
   5          extern void I2CStart();
   6          extern void I2CStop();
   7          extern unsigned char I2CReadNAK();
   8          extern bit I2CWrite(unsigned char dat);
   9          unsigned char E2ReadByte(unsigned char addr);
  10          void E2WriteByte(unsigned char addr, unsigned char dat);
  11          
  12          void main()
  13          {
  14   1          unsigned char dat;
  15   1          unsigned char str[10];
  16   1      
  17   1          InitLcd1602();   //初始化液晶
  18   1          dat = E2ReadByte(0x02);    //读取指定地址上的一个字节
  19   1          str[0] = (dat/100) + '0';  //转换为十进制字符串格式
  20   1          str[1] = (dat/10%10) + '0';
  21   1          str[2] = (dat%10) + '0';
  22   1          str[3] = '\0';
  23   1          LcdShowStr(0, 0, str);     //显示在液晶上
  24   1          dat++;                     //将其数值+1
  25   1          E2WriteByte(0x02, dat);    //再写回到对应的地址上
  26   1          
  27   1          while (1);
  28   1      }
  29          
  30          /* 读取EEPROM中的一个字节，addr-字节地址 */
  31          unsigned char E2ReadByte(unsigned char addr)
  32          {
  33   1          unsigned char dat;
  34   1          
  35   1          I2CStart();
  36   1          I2CWrite(0x50<<1); //寻址器件，后续为写操作
  37   1          I2CWrite(addr);    //写入存储地址
  38   1          I2CStart();        //发送重复启动信号
  39   1          I2CWrite((0x50<<1)|0x01); //寻址器件，后续为读操作
  40   1          dat = I2CReadNAK();       //读取一个字节数据
  41   1          I2CStop();
  42   1          
  43   1          return dat;
  44   1      }
  45          /* 向EEPROM中写入一个字节，addr-字节地址 */
  46          void E2WriteByte(unsigned char addr, unsigned char dat)
  47          {
  48   1          I2CStart();
  49   1          I2CWrite(0x50<<1); //寻址器件，后续为写操作
  50   1          I2CWrite(addr);    //写入存储地址
  51   1          I2CWrite(dat);     //写入一个字节数据
  52   1          I2CStop();
  53   1      }

C51 COMPILER V9.54   MAIN                                                                  02/16/2024 17:36:27 PAGE 2   


MODULE INFORMATION:   STATIC OVERLAYABLE
   CODE SIZE        =    131    ----
   CONSTANT SIZE    =   ----    ----
   XDATA SIZE       =   ----    ----
   PDATA SIZE       =   ----    ----
   DATA SIZE        =   ----      15
   IDATA SIZE       =   ----    ----
   BIT SIZE         =   ----    ----
END OF MODULE INFORMATION.


C51 COMPILATION COMPLETE.  0 WARNING(S),  0 ERROR(S)
