C51 COMPILER V9.54   MAIN                                                                  02/13/2024 17:34:45 PAGE 1   


C51 COMPILER V9.54, COMPILATION OF MODULE MAIN
OBJECT MODULE PLACED IN .\Objects\main.obj
COMPILER INVOKED BY: D:\software\Keil_v5\C51\BIN\C51.EXE main.c OPTIMIZE(8,SPEED) BROWSE DEBUG OBJECTEXTEND PRINT(.\List
                    -ings\main.lst) TABS(2) OBJECT(.\Objects\main.obj)

line level    source

   1          #include<reg52.h>
   2          
   3          void TrunMotor(unsigned long angle);
   4          
   5          void main()
   6          {
   7   1          TrunMotor(360*25);
   8   1          while(1);
   9   1      }
  10          
  11          void delay()
  12          { 
  13   1        unsigned int i = 200;
  14   1        while(i--);
  15   1      }
  16          
  17          void TrunMotor(unsigned long angle)
  18          {
  19   1        unsigned char tmp;
  20   1        unsigned char index = 0;
  21   1        unsigned long beats = 0;
  22   1        unsigned char code BeatCode[8] = {
  23   1        0x0E, 0x0C, 0x0D, 0x09, 0x0B, 0x03, 0x07, 0x06};
  24   1      
  25   1        beats = (angle*4076)/360; //度数转换为节拍//4096为一圈需要的节拍 64 * 64  实际 1：63.68
             -4
  26   1                                  //(32 /9)* (22/11)*(26/9)*(31/10)
  27   1        while(beats--)
  28   1        {
  29   2          tmp = P1;
  30   2          tmp = tmp & 0xF0;
  31   2          tmp = tmp | BeatCode[index];       
  32   2          P1 = tmp;
  33   2          index++;
  34   2          index = index & 0x07;
  35   2          delay();
  36   2        }
  37   1      }


MODULE INFORMATION:   STATIC OVERLAYABLE
   CODE SIZE        =    121    ----
   CONSTANT SIZE    =      8    ----
   XDATA SIZE       =   ----    ----
   PDATA SIZE       =   ----    ----
   DATA SIZE        =   ----       9
   IDATA SIZE       =   ----    ----
   BIT SIZE         =   ----    ----
END OF MODULE INFORMATION.


C51 COMPILATION COMPLETE.  0 WARNING(S),  0 ERROR(S)
