C51 COMPILER V9.54   MAIN                                                                  02/17/2024 22:21:54 PAGE 1   


C51 COMPILER V9.54, COMPILATION OF MODULE MAIN
OBJECT MODULE PLACED IN .\Objects\main.obj
COMPILER INVOKED BY: D:\software\Keil_v5\C51\BIN\C51.EXE main.c OPTIMIZE(8,SPEED) BROWSE DEBUG OBJECTEXTEND PRINT(.\List
                    -ings\main.lst) TABS(2) OBJECT(.\Objects\main.obj)

line level    source

   1          #include <reg52.h>
   2          
   3          unsigned char T0RH = 0;  //T0重载值的高字节
   4          unsigned char T0RL = 0;  //T0重载值的低字节
   5          
   6          void ConfigTimer0(unsigned int ms);
   7          extern void KeyScan();
   8          extern void KeyDriver();
   9          extern void I2CStart();
  10          extern void I2CStop();
  11          extern bit I2CWrite(unsigned char dat);
  12          
  13          void main()
  14          {    
  15   1          EA = 1;             //开总中断
  16   1          ConfigTimer0(1);  //配置T0定时1ms
  17   1          
  18   1          while (1)
  19   1          {
  20   2              KeyDriver();  //调用按键驱动
  21   2          }
  22   1      }
  23          
  24          void SetDACOut(unsigned char val)
  25          {
  26   1        I2CStart();
  27   1        if(!I2CWrite(0x48<<1))
  28   1        {
  29   2          I2CStop();
  30   2          return;
  31   2        }
  32   1        I2CWrite(0x40);
  33   1        I2CWrite(val);
  34   1        I2CStop();
  35   1      }
  36          void KeyAction(unsigned char keycode)
  37          {
  38   1        static unsigned char volt = 0;
  39   1      
  40   1        if(keycode == 0x26)
  41   1        {
  42   2          if(volt < 25)
  43   2          {
  44   3            volt++;
  45   3            SetDACOut(volt*255/25);
  46   3          }
  47   2        }
  48   1        else if(keycode == 0x28)
  49   1        {
  50   2          if(volt > 0)
  51   2          {
  52   3            volt--;
  53   3            SetDACOut(volt*255/25);
  54   3          }
C51 COMPILER V9.54   MAIN                                                                  02/17/2024 22:21:54 PAGE 2   

  55   2        }
  56   1      }
  57          /* 配置并启动T0，ms-T0定时时间 */
  58          void ConfigTimer0(unsigned int ms)
  59          {
  60   1          unsigned long tmp;  //临时变量
  61   1          
  62   1          tmp = 11059200 / 12;       //定时器计数频率
  63   1          tmp = (tmp * ms) / 1000;  //计算所需的计数值
  64   1          tmp = 65536 - tmp;         //计算定时器重载值
  65   1          tmp = tmp + 28;            //补偿中断响应延时造成的误差
  66   1          T0RH = (unsigned char)(tmp>>8);  //定时器重载值拆分为高低字节
  67   1          T0RL = (unsigned char)tmp;
  68   1          TMOD &= 0xF0;   //清零T0的控制位
  69   1          TMOD |= 0x01;   //配置T0为模式1
  70   1          TH0 = T0RH;     //加载T0重载值
  71   1          TL0 = T0RL;
  72   1          ET0 = 1;        //使能T0中断
  73   1          TR0 = 1;        //启动T0
  74   1      }
  75          /* T0中断服务函数，执行按键扫描 */
  76          void InterruptTimer0() interrupt 1
  77          {
  78   1          TH0 = T0RH;  //重新加载重载值
  79   1          TL0 = T0RL;
  80   1          KeyScan();   //按键扫描
  81   1      }


MODULE INFORMATION:   STATIC OVERLAYABLE
   CODE SIZE        =    280    ----
   CONSTANT SIZE    =   ----    ----
   XDATA SIZE       =   ----    ----
   PDATA SIZE       =   ----    ----
   DATA SIZE        =      3       6
   IDATA SIZE       =   ----    ----
   BIT SIZE         =   ----    ----
END OF MODULE INFORMATION.


C51 COMPILATION COMPLETE.  0 WARNING(S),  0 ERROR(S)
