C51 COMPILER V9.54   MAIN                                                                  01/23/2024 17:13:37 PAGE 1   


C51 COMPILER V9.54, COMPILATION OF MODULE MAIN
OBJECT MODULE PLACED IN .\Objects\main.obj
COMPILER INVOKED BY: D:\software\Keil_v5\C51\BIN\C51.EXE main.c OPTIMIZE(8,SPEED) BROWSE DEBUG OBJECTEXTEND PRINT(.\List
                    -ings\main.lst) TABS(2) OBJECT(.\Objects\main.obj)

line level    source

   1          #include<reg52.h>
   2          
   3          sbit ADDR0 = P1^0;
   4          sbit ADDR1 = P1^1;
   5          sbit ADDR2 = P1^2;
   6          sbit ADDR3 = P1^3;
   7          sbit ENLED = P1^4;
   8          
   9          sbit LED9 = P0^7;
  10          sbit LED8 = P0^6;
  11          sbit LED7 = P0^5;
  12          sbit LED6 = P0^4;
  13          
  14          sbit KEY1 = P2^4;
  15          sbit KEY2 = P2^5;
  16          sbit KEY3 = P2^6;
  17          sbit KEY4 = P2^7;
  18          
  19          void main(){
  20   1        ENLED = 0;
  21   1        ADDR3 = 1;
  22   1        ADDR2 = 1;
  23   1        ADDR1 = 1;
  24   1        ADDR0 = 0;
  25   1        P2 = 0xF7;
  26   1        
  27   1        while(1){
  28   2          LED9 = KEY1;
  29   2          LED8 = KEY2;
  30   2          LED7 = KEY3;
  31   2          LED6 = KEY4;
  32   2        }
  33   1        
  34   1      }


MODULE INFORMATION:   STATIC OVERLAYABLE
   CODE SIZE        =     31    ----
   CONSTANT SIZE    =   ----    ----
   XDATA SIZE       =   ----    ----
   PDATA SIZE       =   ----    ----
   DATA SIZE        =   ----    ----
   IDATA SIZE       =   ----    ----
   BIT SIZE         =   ----    ----
END OF MODULE INFORMATION.


C51 COMPILATION COMPLETE.  0 WARNING(S),  0 ERROR(S)
