C51 COMPILER V9.54   MAIN                                                                  01/23/2024 21:14:21 PAGE 1   


C51 COMPILER V9.54, COMPILATION OF MODULE MAIN
OBJECT MODULE PLACED IN .\Objects\main.obj
COMPILER INVOKED BY: D:\software\Keil_v5\C51\BIN\C51.EXE main.c OPTIMIZE(8,SPEED) BROWSE DEBUG OBJECTEXTEND PRINT(.\List
                    -ings\main.lst) TABS(2) OBJECT(.\Objects\main.obj)

line level    source

   1          #include<reg52.h>
   2          
   3          sbit ADDR0 = P1^0;
   4          sbit ADDR1 = P1^1;
   5          sbit ADDR2 = P1^2;
   6          sbit ADDR3 = P1^3;
   7          sbit ENLED = P1^4;
   8          
   9          sbit LED9 = P0^7;
  10          sbit LED8 = P0^6;
  11          sbit LED7 = P0^5;
  12          sbit LED6 = P0^4;
  13          
  14          sbit KEY1 = P2^4;
  15          sbit KEY2 = P2^5;
  16          sbit KEY3 = P2^6;
  17          sbit KEY4 = P2^7;
  18          
  19          unsigned char code LedChar[]={
  20            0xC0, 0xF9, 0xA4, 0xB0, 0x99, 0x92, 0x82, 0xF8,
  21            0x80, 0x90, 0x88, 0x83, 0xC6, 0xA1, 0x86, 0x8E
  22            };
  23          void main() {
  24   1        bit flag = 1; //ËÉ¿ª
  25   1        unsigned char cnt = 0;
  26   1        ENLED = 0;
  27   1        ADDR3 = 1;
  28   1        
  29   1        ADDR2 = 0;
  30   1        ADDR1 = 0;
  31   1        ADDR0 = 0;
  32   1        
  33   1        P2 = 0xF7;
  34   1        
  35   1        while(1){
  36   2          if(KEY4!=flag)
  37   2          {
  38   3            if(flag == 0)
  39   3            {
  40   4              cnt++;
  41   4              if(cnt>=10)
  42   4              {
  43   5                cnt = 0;
  44   5              }
  45   4              P0 = LedChar[cnt];
  46   4             }
  47   3            flag = KEY4;
  48   3           }
  49   2          
  50   2        }
  51   1      
  52   1      
  53   1        
  54   1      }
C51 COMPILER V9.54   MAIN                                                                  01/23/2024 21:14:21 PAGE 2   



MODULE INFORMATION:   STATIC OVERLAYABLE
   CODE SIZE        =     50    ----
   CONSTANT SIZE    =     16    ----
   XDATA SIZE       =   ----    ----
   PDATA SIZE       =   ----    ----
   DATA SIZE        =   ----    ----
   IDATA SIZE       =   ----    ----
   BIT SIZE         =   ----       1
END OF MODULE INFORMATION.


C51 COMPILATION COMPLETE.  0 WARNING(S),  0 ERROR(S)
