C51 COMPILER V9.54   MAIN                                                                  01/23/2024 23:36:21 PAGE 1   


C51 COMPILER V9.54, COMPILATION OF MODULE MAIN
OBJECT MODULE PLACED IN .\Objects\main.obj
COMPILER INVOKED BY: D:\software\Keil_v5\C51\BIN\C51.EXE main.c OPTIMIZE(8,SPEED) BROWSE DEBUG OBJECTEXTEND PRINT(.\List
                    -ings\main.lst) TABS(2) OBJECT(.\Objects\main.obj)

line level    source

   1          #include <reg52.h>
   2          
   3          sbit ADDR0 = P1^0;
   4          sbit ADDR1 = P1^1;
   5          sbit ADDR2 = P1^2;
   6          sbit ADDR3 = P1^3;
   7          sbit ENLED = P1^4;
   8          
   9          sbit KEY4 = P2^7;
  10          
  11          unsigned char code LedChar[] = {
  12              0xC0, 0xF9, 0xA4, 0xB0, 0x99, 0x92, 0x82, 0xF8,
  13              0x80, 0x90, 0x88, 0x83, 0xC6, 0xA1, 0x86, 0x8E
  14          };
  15          
  16          bit KeySta = 1;  // 按键状态标志
  17          
  18          void main() {
  19   1          bit backup = 1;   // 用于记录按钮按下状态的备份
  20   1          unsigned char cnt = 0;  // 计数器
  21   1      
  22   1          EA = 1;  // 允许全局中断
  23   1          ENLED = 0;
  24   1          ADDR3 = 1;
  25   1          ADDR2 = 0;
  26   1          ADDR1 = 0;
  27   1          ADDR0 = 0;
  28   1          TMOD = 0x01;  // 设置定时器0为模式1（16位定时器）
  29   1          TH0 = 0xF8;   // 初始化定时器高8位
  30   1          TL0 = 0xCD;   // 初始化定时器低8位
  31   1          ET0 = 1;      // 允许定时器0中断
  32   1          TR0 = 1;      // 启动定时器0
  33   1          P2 = 0xF7;    // 设置P2口初始值
  34   1          P0 = LedChar[cnt];  // 初始化数码管显示
  35   1      
  36   1          while (1) {
  37   2              if (KeySta != backup) {
  38   3                  if (backup == 0) {
  39   4                      cnt++;
  40   4                      if (cnt >= 10) {
  41   5                          cnt = 0;
  42   5                      }
  43   4                      P0 = LedChar[cnt];
  44   4                  }
  45   3                  backup = KeySta;  // 更新按钮状态备份
  46   3              }
  47   2          }
  48   1      }
  49          
  50          void InterruptTimer0() interrupt 1 {
  51   1          static unsigned char keybuf = 0xFF;
  52   1      
  53   1          TH0 = 0xF8;  // 重新加载定时器高8位
  54   1          TL0 = 0xCD;  // 重新加载定时器低8位
C51 COMPILER V9.54   MAIN                                                                  01/23/2024 23:36:21 PAGE 2   

  55   1      
  56   1          keybuf = (keybuf << 1) | KEY4;   
  57   1          if (keybuf == 0x00) {
  58   2              KeySta = 0;  // 检测到按键按下
  59   2          } else if (keybuf == 0xFF) {
  60   2              KeySta = 1;  // 检测到按键释放
  61   2          } else {
  62   2              // 按键状态未变化
  63   2          }
  64   1      }


MODULE INFORMATION:   STATIC OVERLAYABLE
   CODE SIZE        =    118    ----
   CONSTANT SIZE    =     16    ----
   XDATA SIZE       =   ----    ----
   PDATA SIZE       =   ----    ----
   DATA SIZE        =      1    ----
   IDATA SIZE       =   ----    ----
   BIT SIZE         =      1       1
END OF MODULE INFORMATION.


C51 COMPILATION COMPLETE.  0 WARNING(S),  0 ERROR(S)
