C51 COMPILER V9.54   MAIN                                                                  01/19/2024 15:15:10 PAGE 1   


C51 COMPILER V9.54, COMPILATION OF MODULE MAIN
OBJECT MODULE PLACED IN .\Objects\main.obj
COMPILER INVOKED BY: D:\software\Keil_v5\C51\BIN\C51.EXE main.c OPTIMIZE(8,SPEED) BROWSE DEBUG OBJECTEXTEND PRINT(.\List
                    -ings\main.lst) TABS(2) OBJECT(.\Objects\main.obj)

line level    source

   1          #include<reg52.h>
   2          
   3          sbit ADDR0 = P1^0;
   4          sbit ADDR1 = P1^1;
   5          sbit ADDR2 = P1^2;
   6          sbit ADDR3 = P1^3;
   7          sbit ENLED = P1^4;
   8          
   9          unsigned char code LedChar[]={
  10            0xC0, 0xF9, 0xA4, 0xB0, 0x99, 0x92, 0x82, 0xF8,
  11            0x80, 0x90, 0x88, 0x83, 0xC6, 0xA1, 0x86, 0x8E
  12            };
  13          
  14          void main()
  15          {
  16   1        unsigned char cnt = 0;
  17   1        unsigned char sec = 0;  
  18   1      
  19   1        ENLED = 0;
  20   1        ADDR3 = 1;
  21   1        ADDR2 = 0;
  22   1        ADDR1 = 0;
  23   1        ADDR0 = 0;
  24   1      
  25   1        TMOD = 0x01;
  26   1        TH0 = 0xB8;
  27   1        TL0 = 0x00;
  28   1        TR0 = 1;
  29   1        while(1)
  30   1        {
  31   2          if(TF0 == 1)
  32   2          {
  33   3            TF0 = 0;
  34   3            TH0 = 0xB8;
  35   3            TL0 = 0x00;
  36   3            cnt++;
  37   3            if(cnt >= 50)
  38   3            {
  39   4              cnt = 0;
  40   4              P0 = LedChar[sec];
  41   4              
  42   4              if(sec >= 15)
  43   4              {
  44   5                sec = 0;
  45   5              }
  46   4              else
  47   4              {
  48   5                sec++;
  49   5              }
  50   4            }
  51   3      
  52   3          }
  53   2        }
  54   1      }
C51 COMPILER V9.54   MAIN                                                                  01/19/2024 15:15:10 PAGE 2   



MODULE INFORMATION:   STATIC OVERLAYABLE
   CODE SIZE        =     62    ----
   CONSTANT SIZE    =     16    ----
   XDATA SIZE       =   ----    ----
   PDATA SIZE       =   ----    ----
   DATA SIZE        =   ----    ----
   IDATA SIZE       =   ----    ----
   BIT SIZE         =   ----    ----
END OF MODULE INFORMATION.


C51 COMPILATION COMPLETE.  0 WARNING(S),  0 ERROR(S)
