C51 COMPILER V9.54   MAIN                                                                  01/20/2024 22:28:29 PAGE 1   


C51 COMPILER V9.54, COMPILATION OF MODULE MAIN
OBJECT MODULE PLACED IN .\Objects\main.obj
COMPILER INVOKED BY: D:\software\Keil_v5\C51\BIN\C51.EXE main.c OPTIMIZE(8,SPEED) BROWSE DEBUG OBJECTEXTEND PRINT(.\List
                    -ings\main.lst) TABS(2) OBJECT(.\Objects\main.obj)

line level    source

   1          #include<reg52.h>
   2          
   3          sbit ADDR0 = P1^0;
   4          sbit ADDR1 = P1^1;
   5          sbit ADDR2 = P1^2;
   6          sbit ADDR3 = P1^3;
   7          sbit ENLED = P1^4;
   8          
   9          unsigned char code image[] = {
  10            0xFF,0x99,0x00,0x00,0x00,0x81,0xC3,0xE7,
  11            };  
  12          void main()
  13          {
  14   1        EA = 1;
  15   1        ENLED = 0;
  16   1        ADDR3 = 0;
  17   1        TMOD = 0x01;
  18   1        TH0 = 0xFC;
  19   1        TL0 = 0x67;
  20   1        ET0 = 1;
  21   1        TR0 = 1;
  22   1        while(1);
  23   1      }
  24          
  25          void InterruptTimer0() interrupt 1
  26          {
  27   1        static unsigned char i = 0;
  28   1        TH0 = 0xFC;
  29   1        TL0 = 0x67;
  30   1      
  31   1        P0 = 0xFF;
  32   1        switch(i)
  33   1        {
  34   2          case 0: ADDR2=0; ADDR1=0; ADDR0=0; i++; P0=0x00;break;
  35   2          case 1: ADDR2=0; ADDR1=0; ADDR0=1; i++; P0=0x00;break;
  36   2          case 2: ADDR2=0; ADDR1=1; ADDR0=0; i++; P0=0x00;break;
  37   2          case 3: ADDR2=0; ADDR1=1; ADDR0=1; i++; P0=0x00;break;
  38   2          case 4: ADDR2=1; ADDR1=0; ADDR0=0; i++; P0=0x00;break;
  39   2          case 5: ADDR2=1; ADDR1=0; ADDR0=1; i++; P0=0x00;break;
  40   2          case 6: ADDR2=1; ADDR1=1; ADDR0=0; i++; P0=0x00;break;
  41   2          case 7: ADDR2=1; ADDR1=1; ADDR0=1; i=0; P0=0x00;break;
  42   2          default: break;
  43   2      
  44   2        }
  45   1      
  46   1      }


MODULE INFORMATION:   STATIC OVERLAYABLE
   CODE SIZE        =    146    ----
   CONSTANT SIZE    =      8    ----
   XDATA SIZE       =   ----    ----
   PDATA SIZE       =   ----    ----
   DATA SIZE        =      1    ----
C51 COMPILER V9.54   MAIN                                                                  01/20/2024 22:28:29 PAGE 2   

   IDATA SIZE       =   ----    ----
   BIT SIZE         =   ----    ----
END OF MODULE INFORMATION.


C51 COMPILATION COMPLETE.  0 WARNING(S),  0 ERROR(S)
