C51 COMPILER V9.54   EEPROM                                                                02/16/2024 18:02:42 PAGE 1   


C51 COMPILER V9.54, COMPILATION OF MODULE EEPROM
OBJECT MODULE PLACED IN .\Objects\eeprom.obj
COMPILER INVOKED BY: D:\software\Keil_v5\C51\BIN\C51.EXE eeprom.c OPTIMIZE(8,SPEED) BROWSE DEBUG OBJECTEXTEND PRINT(.\Li
                    -stings\eeprom.lst) TABS(2) OBJECT(.\Objects\eeprom.obj)

line level    source

   1          #include <reg52.h>
   2          
   3          extern void I2CStart();
   4          extern void I2CStop();
   5          extern unsigned char I2CReadACK();
   6          extern unsigned char I2CReadNAK();
   7          extern bit I2CWrite(unsigned char dat);
   8          
   9          /* E2读取函数，buf-数据接收指针，addr-E2中的起始地址，len-读取长度 */
  10          void E2Read(unsigned char *buf, unsigned char addr, unsigned char len)
  11          {
  12   1          do {                       //用寻址操作查询当前是否可进行读写操作
  13   2              I2CStart();
  14   2              if (I2CWrite(0x50<<1)) //应答则跳出循环，非应答则进行下一次查询
  15   2              {
  16   3                  break;
  17   3              }
  18   2              I2CStop();
  19   2          } while(1);
  20   1          I2CWrite(addr);            //写入起始地址
  21   1          I2CStart();                //发送重复启动信号
  22   1          I2CWrite((0x50<<1)|0x01);  //寻址器件，后续为读操作
  23   1          while (len > 1)            //连续读取len-1个字节
  24   1          {
  25   2              *buf++ = I2CReadACK(); //最后字节之前为读取操作+应答
  26   2              len--;
  27   2          }
  28   1          *buf = I2CReadNAK();       //最后一个字节为读取操作+非应答
  29   1          I2CStop();
  30   1      }
  31          
  32          void E2Write(unsigned char *buf, unsigned char addr, unsigned char len)
  33          {
  34   1        while(len > 0)
  35   1        {
  36   2          do {                       //用寻址操作查询当前是否可进行读写操作
  37   3              I2CStart();
  38   3              if (I2CWrite(0x50<<1)) //应答则跳出循环，非应答则进行下一次查询
  39   3                {
  40   4                    break;
  41   4                }
  42   3              I2CStop();
  43   3            } while(1);
  44   2          I2CWrite(addr);
  45   2          while(len > 0)
  46   2          {
  47   3            I2CWrite(*buf++);
  48   3            len--;
  49   3            addr++;
  50   3            if((addr&0x07) == 0)
  51   3            {
  52   4              break;
  53   4            }
  54   3          }
C51 COMPILER V9.54   EEPROM                                                                02/16/2024 18:02:42 PAGE 2   

  55   2          I2CStop();
  56   2          
  57   2        }
  58   1      }


MODULE INFORMATION:   STATIC OVERLAYABLE
   CODE SIZE        =    163    ----
   CONSTANT SIZE    =   ----    ----
   XDATA SIZE       =   ----    ----
   PDATA SIZE       =   ----    ----
   DATA SIZE        =   ----      10
   IDATA SIZE       =   ----    ----
   BIT SIZE         =   ----    ----
END OF MODULE INFORMATION.


C51 COMPILATION COMPLETE.  0 WARNING(S),  0 ERROR(S)
