C51 COMPILER V9.54   MAIN                                                                  01/24/2024 17:45:40 PAGE 1   


C51 COMPILER V9.54, COMPILATION OF MODULE MAIN
OBJECT MODULE PLACED IN .\Objects\main.obj
COMPILER INVOKED BY: D:\software\Keil_v5\C51\BIN\C51.EXE main.c OPTIMIZE(8,SPEED) BROWSE DEBUG OBJECTEXTEND PRINT(.\List
                    -ings\main.lst) TABS(2) OBJECT(.\Objects\main.obj)

line level    source

   1          #include<reg52.h>
   2          
   3          sbit ADDR0 = P1^0;
   4          sbit ADDR1 = P1^1;
   5          sbit ADDR2 = P1^2;
   6          sbit ADDR3 = P1^3;
   7          sbit ENLED = P1^4;
   8          
   9          sbit KEY_IN_1 = P2^4;
  10          sbit KEY_IN_2 = P2^5;
  11          sbit KEY_IN_3 = P2^6;
  12          sbit KEY_IN_4 = P2^7;
  13          sbit KEY_OUT_1 = P2^3;
  14          sbit KEY_OUT_2 = P2^2;
  15          sbit KEY_OUT_3 = P2^1;
  16          sbit KEY_OUT_4 = P2^0;
  17          
  18          unsigned char code LedChar[]={
  19            0xC0, 0xF9, 0xA4, 0xB0, 0x99, 0x92, 0x82, 0xF8,
  20            0x80, 0x90, 0x88, 0x83, 0xC6, 0xA1, 0x86, 0x8E
  21            };
  22          unsigned char KeySta[4][4] = { 
  23            {1,1,1,1},{1,1,1,1},{1,1,1,1},{1,1,1,1}
  24            };
  25          unsigned char LedBuff[6] = {
  26            0xFF, 0xFF, 0xFF, 0xFF, 0xFF, 0xFF
  27            };
  28          unsigned char code KeyCodeMap[4][4] = { //çŸ©é˜µæŒ‰é”®ç¼–å·åˆ°æ ‡å‡†é”®ç›˜é”®ç çš„æ˜ å°„è¡¨
  29              { 0x31, 0x32, 0x33, 0x26 }, //æ•°å­—é”®1ã€æ•°å­—é”®2ã€æ•°å­—é”®3ã€å‘ä¸Šé”®
  30              { 0x34, 0x35, 0x36, 0x25 }, //æ•°å­—é”®4ã€æ•°å­—é”®5ã€æ•°å­—é”®6ã€å‘å·¦é”®
  31              { 0x37, 0x38, 0x39, 0x28 }, //æ•°å­—é”®7ã€æ•°å­—é”®8ã€æ•°å­—é”®9ã€å‘ä¸‹é”®
  32              { 0x30, 0x1B, 0x0D, 0x27 }  //æ•°å­—é”®0ã€ESCé”®ã€  å›è½¦é”®ã€ å‘å³é”®
  33            };
  34          void  KeyDriver();
  35          void main()
  36          {
  37   1          EA = 1;       //ä½¿èƒ½æ€»ä¸­æ–­
  38   1          ENLED = 0;    //é€‰æ‹©æ•°ç ç®¡è¿›è¡Œæ˜¾ç¤º
  39   1          ADDR3 = 1;
  40   1          TMOD = 0x01;  //è®¾ç½®T0ä¸ºæ¨¡å¼1
  41   1          TH0  = 0xFC;  //ä¸ºT0èµ‹åˆå€¼0xFC67ï¼Œå®šæ—¶1ms
  42   1          TL0  = 0x67;
  43   1          ET0  = 1;     //ä½¿èƒ½T0ä¸­æ–­
  44   1          TR0  = 1;     //å¯åŠ¨T0
  45   1          LedBuff[0] = LedChar[0];  //ä¸Šç”µæ˜¾ç¤º0
  46   1        
  47   1          while (1)
  48   1          {
  49   2              KeyDriver();   //è°ƒç”¨æŒ‰é”®é©±åŠ¨å‡½æ•°
  50   2          }
  51   1      }
  52          
  53          void ShowNumber(unsigned long num)
  54          {
C51 COMPILER V9.54   MAIN                                                                  01/24/2024 17:45:40 PAGE 2   

  55   1        signed char i;
  56   1        unsigned char buf[6];
  57   1      
  58   1        for(i=0; i<6; i++)
  59   1        {
  60   2          buf[i] = num % 10;
  61   2          num = num / 10;
  62   2        }
  63   1      
  64   1        for(i=5; i>=1; i--)
  65   1        {
  66   2          if(buf[i] == 0)
  67   2          {
  68   3            LedBuff[i] = 0xFF;
  69   3          }
  70   2          else
  71   2            break;
  72   2        }
  73   1        
  74   1        for(; i>=0; i--)
  75   1        {
  76   2          LedBuff[i] = LedChar[buf[i]]; 
  77   2        }
  78   1      
  79   1      }
  80          void KeyAction(unsigned char keycode)
  81          {
  82   1        static unsigned long result = 0;
  83   1        static unsigned long addend = 0;
  84   1        
  85   1        if((keycode >= 0x30) &&(keycode <= 0x39))
  86   1        {
  87   2          addend = (addend *10) + (keycode - 0x30);   
  88   2          ShowNumber(addend); 
  89   2        }
  90   1        
  91   1        else if(keycode == 0x26)
  92   1        {
  93   2          result += addend;
  94   2          addend = 0;
  95   2          ShowNumber(result);
  96   2        }
  97   1        else if(keycode == 0x0D)
  98   1        {
  99   2          result += addend;
 100   2          addend = 0;
 101   2          ShowNumber(result);
 102   2        }
 103   1        else if(keycode == 0x1B)
 104   1        {
 105   2          addend = 0;
 106   2          result = 0;
 107   2          ShowNumber(addend);   
 108   2        } 
 109   1         
 110   1      }
 111          void  KeyDriver()
 112          {
 113   1        unsigned char i, j;
 114   1        static  unsigned char backup [4][4] = {
 115   1        {1,1,1,1},{1,1,1,1},{1,1,1,1},{1,1,1,1}
 116   1        };
C51 COMPILER V9.54   MAIN                                                                  01/24/2024 17:45:40 PAGE 3   

 117   1      
 118   1        for(i=0; i<4; i++)
 119   1          {
 120   2            for(j=0; j<4; j++)
 121   2            {
 122   3              if(backup[i][j] != KeySta[i][j])
 123   3              {
 124   4                if(backup[i][j] == 0)
 125   4                {
 126   5                  KeyAction(KeyCodeMap[i][j]);
 127   5                }
 128   4                backup[i][j] = KeySta[i][j];
 129   4              }
 130   3            } 
 131   2          }
 132   1      
 133   1        
 134   1      }
 135          
 136          /* æŒ‰é”®æ‰«æå‡½æ•°ï¼Œéœ€åœ¨å®šæ—¶ä¸­æ–­ä¸­è°ƒç”¨ï¼Œæ¨èè°ƒç”¨é—´éš”1ms */
 137          void KeyScan()
 138          {
 139   1          unsigned char i;
 140   1          static unsigned char keyout = 0;   //çŸ©é˜µæŒ‰é”®æ‰«æè¾“å‡ºç´¢å¼•
 141   1          static unsigned char keybuf[4][4] = {  //çŸ©é˜µæŒ‰é”®æ‰«æç¼“å†²åŒº
 142   1              {0xFF, 0xFF, 0xFF, 0xFF},  {0xFF, 0xFF, 0xFF, 0xFF},
 143   1              {0xFF, 0xFF, 0xFF, 0xFF},  {0xFF, 0xFF, 0xFF, 0xFF}
 144   1          };
 145   1      
 146   1          //å°†ä¸€è¡Œçš„4ä¸ªæŒ‰é”®å€¼ç§»å…¥ç¼“å†²åŒº
 147   1          keybuf[keyout][0] = (keybuf[keyout][0] << 1) | KEY_IN_1;
 148   1          keybuf[keyout][1] = (keybuf[keyout][1] << 1) | KEY_IN_2;
 149   1          keybuf[keyout][2] = (keybuf[keyout][2] << 1) | KEY_IN_3;
 150   1          keybuf[keyout][3] = (keybuf[keyout][3] << 1) | KEY_IN_4;
 151   1          //æ¶ˆæŠ–åæ›´æ–°æŒ‰é”®çŠ¶æ€
 152   1          for (i=0; i<4; i++)  //æ¯è¡Œ4ä¸ªæŒ‰é”®ï¼Œæ‰€ä»¥å¾ªç¯4æ¬¡
 153   1          {
 154   2              if ((keybuf[keyout][i] & 0x0F) == 0x00)
 155   2              {   //è¿ç»­4æ¬¡æ‰«æå€¼ä¸º0ï¼Œå³4*4mså†…éƒ½æ˜¯æŒ‰ä¸‹çŠ¶æ€æ—¶ï¼Œå¯è®¤ä¸ºæŒ‰é”®å·²ç¨³å®šçš„æŒ‰ä
             -¸‹
 156   3                  KeySta[keyout][i] = 0;
 157   3              }
 158   2              else if ((keybuf[keyout][i] & 0x0F) == 0x0F)
 159   2              {   //è¿ç»­4æ¬¡æ‰«æå€¼ä¸º1ï¼Œå³4*4mså†…éƒ½æ˜¯å¼¹èµ·çŠ¶æ€æ—¶ï¼Œå¯è®¤ä¸ºæŒ‰é”®å·²ç¨³å®šçš„å¼¹è
             -µ·
 160   3                  KeySta[keyout][i] = 1;
 161   3              }
 162   2          }
 163   1          //æ‰§è¡Œä¸‹ä¸€æ¬¡çš„æ‰«æè¾“å‡º
 164   1          keyout++;                //è¾“å‡ºç´¢å¼•é€’å¢
 165   1          keyout = keyout & 0x03;  //ç´¢å¼•å€¼åŠ åˆ°4å³å½’é›¶
 166   1          switch (keyout)          //æ ¹æ®ç´¢å¼•ï¼Œé‡Šæ”¾å½“å‰è¾“å‡ºå¼•è„šï¼Œæ‹‰ä½ä¸‹æ¬¡çš„è¾“å‡ºå¼•è„š
 167   1          {
 168   2              case 0: KEY_OUT_4 = 1; KEY_OUT_1 = 0; break;
 169   2              case 1: KEY_OUT_1 = 1; KEY_OUT_2 = 0; break;
 170   2              case 2: KEY_OUT_2 = 1; KEY_OUT_3 = 0; break;
 171   2              case 3: KEY_OUT_3 = 1; KEY_OUT_4 = 0; break;
 172   2              default: break;
 173   2          }
 174   1      }
 175          /* æ•°ç ç®¡åŠ¨æ€æ‰«æåˆ·æ–°å‡½æ•°ï¼Œéœ€åœ¨å®šæ—¶ä¸­æ–­ä¸­è°ƒç”¨ */
 176          void LedScan()
C51 COMPILER V9.54   MAIN                                                                  01/24/2024 17:45:40 PAGE 4   

 177          {
 178   1          static unsigned char i = 0;  //åŠ¨æ€æ‰«æçš„ç´¢å¼•
 179   1          
 180   1          P0 = 0xFF;   //æ˜¾ç¤ºæ¶ˆéš
 181   1          switch (i)
 182   1          {
 183   2              case 0: ADDR2=0; ADDR1=0; ADDR0=0; i++; P0=LedBuff[0]; break;
 184   2              case 1: ADDR2=0; ADDR1=0; ADDR0=1; i++; P0=LedBuff[1]; break;
 185   2              case 2: ADDR2=0; ADDR1=1; ADDR0=0; i++; P0=LedBuff[2]; break;
 186   2              case 3: ADDR2=0; ADDR1=1; ADDR0=1; i++; P0=LedBuff[3]; break;
 187   2              case 4: ADDR2=1; ADDR1=0; ADDR0=0; i++; P0=LedBuff[4]; break;
 188   2              case 5: ADDR2=1; ADDR1=0; ADDR0=1; i=0; P0=LedBuff[5]; break;
 189   2              default: break;
 190   2          }
 191   1      }
 192          
 193          /* T0ä¸­æ–­æœåŠ¡å‡½æ•°ï¼Œç”¨äºæ•°ç ç®¡æ˜¾ç¤ºæ‰«æä¸æŒ‰é”®æ‰«æ */
 194          void InterruptTimer0() interrupt 1
 195          {
 196   1        TH0 = 0xFC;
 197   1        TL0 = 0x67;
 198   1        LedScan();
 199   1        KeyScan();
 200   1      }


MODULE INFORMATION:   STATIC OVERLAYABLE
   CODE SIZE        =    820    ----
   CONSTANT SIZE    =     32    ----
   XDATA SIZE       =   ----    ----
   PDATA SIZE       =   ----    ----
   DATA SIZE        =     64      14
   IDATA SIZE       =   ----    ----
   BIT SIZE         =   ----    ----
END OF MODULE INFORMATION.


C51 COMPILATION COMPLETE.  0 WARNING(S),  0 ERROR(S)
