C51 COMPILER V9.54   DS1302                                                                02/17/2024 21:45:27 PAGE 1   


C51 COMPILER V9.54, COMPILATION OF MODULE DS1302
OBJECT MODULE PLACED IN .\Objects\DS1302.obj
COMPILER INVOKED BY: D:\software\Keil_v5\C51\BIN\C51.EXE DS1302.c OPTIMIZE(8,SPEED) BROWSE DEBUG OBJECTEXTEND PRINT(.\Li
                    -stings\DS1302.lst) TABS(2) OBJECT(.\Objects\DS1302.obj)

line level    source

   1          #include <reg52.h>
   2          
   3          sbit DS1302_CE = P1^7;
   4          sbit DS1302_CK = P3^5;
   5          sbit DS1302_IO = P3^4;
   6          
   7          struct sTime {  //æ—¥æœŸæ—¶é—´ç»“æ„ä½“å®šä¹‰
   8              unsigned int  year;  //å¹´
   9              unsigned char mon;   //æœˆ
  10              unsigned char day;   //æ—¥
  11              unsigned char hour;  //æ—¶
  12              unsigned char min;   //åˆ†
  13              unsigned char sec;   //ç§’
  14              unsigned char week;  //æ˜ŸæœŸ
  15          };
  16          
  17          /* å‘é€ä¸€ä¸ªå­—èŠ‚åˆ°DS1302é€šä¿¡æ€»çº¿ä¸Š */
  18          void DS1302ByteWrite(unsigned char dat)
  19          {
  20   1          unsigned char mask;
  21   1          
  22   1          for (mask=0x01; mask!=0; mask<<=1)  //ä½ä½åœ¨å‰ï¼Œé€ä½ç§»å‡º
  23   1          {
  24   2              if ((mask&dat) != 0) //é¦–å…ˆè¾“å‡ºè¯¥ä½æ•°æ®
  25   2                  DS1302_IO = 1;
  26   2              else
  27   2                  DS1302_IO = 0;
  28   2              DS1302_CK = 1;       //ç„¶åæ‹‰é«˜æ—¶é’Ÿ
  29   2              DS1302_CK = 0;       //å†æ‹‰ä½æ—¶é’Ÿï¼Œå®Œæˆä¸€ä¸ªä½çš„æ“ä½œ
  30   2          }
  31   1          DS1302_IO = 1;           //æœ€åç¡®ä¿é‡Šæ”¾IOå¼•è„š
  32   1      }
  33          /* ç”±DS1302é€šä¿¡æ€»çº¿ä¸Šè¯»å–ä¸€ä¸ªå­—èŠ‚ */
  34          unsigned char DS1302ByteRead()
  35          {
  36   1          unsigned char mask;
  37   1          unsigned char dat = 0;
  38   1          
  39   1          for (mask=0x01; mask!=0; mask<<=1)  //ä½ä½åœ¨å‰ï¼Œé€ä½è¯»å–
  40   1          {
  41   2              if (DS1302_IO != 0)  //é¦–å…ˆè¯»å–æ­¤æ—¶çš„IOå¼•è„šï¼Œå¹¶è®¾ç½®datä¸­çš„å¯¹åº”ä½
  42   2              {
  43   3                  dat |= mask;
  44   3              }
  45   2              DS1302_CK = 1;       //ç„¶åæ‹‰é«˜æ—¶é’Ÿ
  46   2              DS1302_CK = 0;       //å†æ‹‰ä½æ—¶é’Ÿï¼Œå®Œæˆä¸€ä¸ªä½çš„æ“ä½œ
  47   2          }
  48   1          return dat;              //æœ€åè¿”å›è¯»åˆ°çš„å­—èŠ‚æ•°æ®
  49   1      }
  50          /* ç”¨å•æ¬¡å†™æ“ä½œå‘æŸä¸€å¯„å­˜å™¨å†™å…¥ä¸€ä¸ªå­—èŠ‚ï¼Œreg-å¯„å­˜å™¨åœ°å€ï¼Œdat-å¾…å†™å…¥å­—èŠ‚ */
  51          void DS1302SingleWrite(unsigned char reg, unsigned char dat)
  52          {
  53   1          DS1302_CE = 1;                      //ä½¿èƒ½ç‰‡é€‰ä¿¡å·
  54   1          DS1302ByteWrite((reg<<1)|0x80);  //å‘é€å†™å¯„å­˜å™¨æŒ‡ä»¤
C51 COMPILER V9.54   DS1302                                                                02/17/2024 21:45:27 PAGE 2   

  55   1          DS1302ByteWrite(dat);              //å†™å…¥å­—èŠ‚æ•°æ®
  56   1          DS1302_CE = 0;                      //é™¤èƒ½ç‰‡é€‰ä¿¡å·
  57   1      }
  58          /* ç”¨å•æ¬¡è¯»æ“ä½œä»æŸä¸€å¯„å­˜å™¨è¯»å–ä¸€ä¸ªå­—èŠ‚ï¼Œreg-å¯„å­˜å™¨åœ°å€ï¼Œè¿”å›å€¼-è¯»åˆ°çš„å­—èŠ
             -‚ */
  59          unsigned char DS1302SingleRead(unsigned char reg)
  60          {
  61   1          unsigned char dat;
  62   1          
  63   1          DS1302_CE = 1;                      //ä½¿èƒ½ç‰‡é€‰ä¿¡å·
  64   1          DS1302ByteWrite((reg<<1)|0x81);  //å‘é€è¯»å¯„å­˜å™¨æŒ‡ä»¤
  65   1          dat = DS1302ByteRead();           //è¯»å–å­—èŠ‚æ•°æ®
  66   1          DS1302_CE = 0;                      //é™¤èƒ½ç‰‡é€‰ä¿¡å·
  67   1          
  68   1          return dat;
  69   1      }
  70          /* ç”¨çªå‘æ¨¡å¼è¿ç»­å†™å…¥8ä¸ªå¯„å­˜å™¨æ•°æ®ï¼Œdat-å¾…å†™å…¥æ•°æ®æŒ‡é’ˆ */
  71          void DS1302BurstWrite(unsigned char *dat)
  72          {
  73   1          unsigned char i;
  74   1          
  75   1          DS1302_CE = 1;
  76   1          DS1302ByteWrite(0xBE);  //å‘é€çªå‘å†™å¯„å­˜å™¨æŒ‡ä»¤
  77   1          for (i=0; i<8; i++)     //è¿ç»­å†™å…¥8å­—èŠ‚æ•°æ®
  78   1          {
  79   2              DS1302ByteWrite(dat[i]);
  80   2          }
  81   1          DS1302_CE = 0;
  82   1      }
  83          /* ç”¨çªå‘æ¨¡å¼è¿ç»­è¯»å–8ä¸ªå¯„å­˜å™¨çš„æ•°æ®ï¼Œdat-è¯»å–æ•°æ®çš„æ¥æ”¶æŒ‡é’ˆ */
  84          void DS1302BurstRead(unsigned char *dat)
  85          {
  86   1          unsigned char i;
  87   1          
  88   1          DS1302_CE = 1;
  89   1          DS1302ByteWrite(0xBF);  //å‘é€çªå‘è¯»å¯„å­˜å™¨æŒ‡ä»¤
  90   1          for (i=0; i<8; i++)     //è¿ç»­è¯»å–8ä¸ªå­—èŠ‚
  91   1          {
  92   2              dat[i] = DS1302ByteRead();
  93   2          }
  94   1          DS1302_CE = 0;
  95   1      }
  96          /* è·å–å®æ—¶æ—¶é—´ï¼Œå³è¯»å–DS1302å½“å‰æ—¶é—´å¹¶è½¬æ¢ä¸ºæ—¶é—´ç»“æ„ä½“æ ¼å¼ */
  97          void GetRealTime(struct sTime *time)
  98          {
  99   1          unsigned char buf[8];
 100   1          
 101   1          DS1302BurstRead(buf);
 102   1          time->year = buf[6] + 0x2000;
 103   1          time->mon  = buf[4];
 104   1          time->day  = buf[3];
 105   1          time->hour = buf[2];
 106   1          time->min  = buf[1];
 107   1          time->sec  = buf[0];
 108   1          time->week = buf[5];
 109   1      }
 110          /* è®¾å®šå®æ—¶æ—¶é—´ï¼Œæ—¶é—´ç»“æ„ä½“æ ¼å¼çš„è®¾å®šæ—¶é—´è½¬æ¢ä¸ºæ•°ç»„å¹¶å†™å…¥DS1302 */
 111          void SetRealTime(struct sTime *time)
 112          {
 113   1          unsigned char buf[8];
 114   1          
 115   1          buf[7] = 0;
C51 COMPILER V9.54   DS1302                                                                02/17/2024 21:45:27 PAGE 3   

 116   1          buf[6] = time->year;
 117   1          buf[5] = time->week;
 118   1          buf[4] = time->mon;
 119   1          buf[3] = time->day;
 120   1          buf[2] = time->hour;
 121   1          buf[1] = time->min;
 122   1          buf[0] = time->sec;
 123   1          DS1302BurstWrite(buf);
 124   1      }
 125          /* DS1302åˆå§‹åŒ–ï¼Œå¦‚å‘ç”Ÿæ‰ç”µåˆ™é‡æ–°è®¾ç½®åˆå§‹æ—¶é—´ */
 126          void InitDS1302()
 127          {
 128   1          unsigned char dat;
 129   1          struct sTime code InitTime[] = {  //2013å¹´10æœˆ8æ—¥ 12:30:00 æ˜ŸæœŸäºŒ
 130   1              0x2013,0x10,0x08, 0x12,0x30,0x00, 0x02
 131   1          };
 132   1          
 133   1          DS1302_CE = 0;  //åˆå§‹åŒ–DS1302é€šä¿¡å¼•è„š
 134   1          DS1302_CK = 0;
 135   1          dat = DS1302SingleRead(0);  //è¯»å–ç§’å¯„å­˜å™¨
 136   1          if ((dat & 0x80) != 0)      //ç”±ç§’å¯„å­˜å™¨æœ€é«˜ä½CHçš„å€¼åˆ¤æ–­DS1302æ˜¯å¦å·²åœæ­¢
 137   1          {
 138   2              DS1302SingleWrite(7, 0x00);  //æ’¤é”€å†™ä¿æŠ¤ä»¥å…è®¸å†™å…¥æ•°æ®
 139   2              SetRealTime(&InitTime);      //è®¾ç½®DS1302ä¸ºé»˜è®¤çš„åˆå§‹æ—¶é—´
 140   2          }
 141   1      }


MODULE INFORMATION:   STATIC OVERLAYABLE
   CODE SIZE        =    348    ----
   CONSTANT SIZE    =      8    ----
   XDATA SIZE       =   ----    ----
   PDATA SIZE       =   ----    ----
   DATA SIZE        =   ----      25
   IDATA SIZE       =   ----    ----
   BIT SIZE         =   ----    ----
END OF MODULE INFORMATION.


C51 COMPILATION COMPLETE.  0 WARNING(S),  0 ERROR(S)
