C51 COMPILER V9.54   KEYBOARD                                                              02/17/2024 21:45:27 PAGE 1   


C51 COMPILER V9.54, COMPILATION OF MODULE KEYBOARD
OBJECT MODULE PLACED IN .\Objects\keyboard.obj
COMPILER INVOKED BY: D:\software\Keil_v5\C51\BIN\C51.EXE keyboard.c OPTIMIZE(8,SPEED) BROWSE DEBUG OBJECTEXTEND PRINT(.\
                    -Listings\keyboard.lst) TABS(2) OBJECT(.\Objects\keyboard.obj)

line level    source

   1          
   2          #include <reg52.h>
   3          
   4          sbit KEY_IN_1  = P2^4;
   5          sbit KEY_IN_2  = P2^5;
   6          sbit KEY_IN_3  = P2^6;
   7          sbit KEY_IN_4  = P2^7;
   8          sbit KEY_OUT_1 = P2^3;
   9          sbit KEY_OUT_2 = P2^2;
  10          sbit KEY_OUT_3 = P2^1;
  11          sbit KEY_OUT_4 = P2^0;
  12          
  13          unsigned char code KeyCodeMap[4][4] = { //çŸ©é˜µæŒ‰é”®ç¼–å·åˆ°æ ‡å‡†é”®ç›˜é”®ç çš„æ˜ å°„è¡¨
  14              { '1',  '2',  '3', 0x26 }, //æ•°å­—é”®1ã€æ•°å­—é”®2ã€æ•°å­—é”®3ã€å‘ä¸Šé”®
  15              { '4',  '5',  '6', 0x25 }, //æ•°å­—é”®4ã€æ•°å­—é”®5ã€æ•°å­—é”®6ã€å‘å·¦é”®
  16              { '7',  '8',  '9', 0x28 }, //æ•°å­—é”®7ã€æ•°å­—é”®8ã€æ•°å­—é”®9ã€å‘ä¸‹é”®
  17              { '0', 0x1B, 0x0D, 0x27 }  //æ•°å­—é”®0ã€ESCé”®ã€  å›è½¦é”®ã€ å‘å³é”®
  18          };
  19          unsigned char pdata KeySta[4][4] = {  //å…¨éƒ¨çŸ©é˜µæŒ‰é”®çš„å½“å‰çŠ¶æ€
  20              {1, 1, 1, 1},  {1, 1, 1, 1},  {1, 1, 1, 1},  {1, 1, 1, 1}
  21          };
  22          
  23          extern unsigned char setIndex;
  24          extern void IncSetTime();
  25          extern void DecSetTime();
  26          extern void RightShiftTimeSet();
  27          extern void LeftShiftTimeSet();
  28          extern void EnterTimeSet();
  29          extern void ExitTimeSet(bit save);
  30          extern void KeyAction(unsigned char keycode);
  31          
  32          /* æŒ‰é”®é©±åŠ¨å‡½æ•°ï¼Œæ£€æµ‹æŒ‰é”®åŠ¨ä½œï¼Œè°ƒåº¦ç›¸åº”åŠ¨ä½œå‡½æ•°ï¼Œéœ€åœ¨ä¸»å¾ªç¯ä¸­è°ƒç”¨ */
  33          void KeyDriver()
  34          {
  35   1          unsigned char i, j;
  36   1          static unsigned char pdata backup[4][4] = {  //æŒ‰é”®å€¼å¤‡ä»½ï¼Œä¿å­˜å‰ä¸€æ¬¡çš„å€¼
  37   1              {1, 1, 1, 1},  {1, 1, 1, 1},  {1, 1, 1, 1},  {1, 1, 1, 1}
  38   1          };
  39   1          
  40   1          for (i=0; i<4; i++)  //å¾ªç¯æ£€æµ‹4*4çš„çŸ©é˜µæŒ‰é”®
  41   1          {
  42   2              for (j=0; j<4; j++)
  43   2              {
  44   3                  if (backup[i][j] != KeySta[i][j])    //æ£€æµ‹æŒ‰é”®åŠ¨ä½œ
  45   3                  {
  46   4                      if (backup[i][j] != 0)           //æŒ‰é”®æŒ‰ä¸‹æ—¶æ‰§è¡ŒåŠ¨ä½œ
  47   4                      {
  48   5                          KeyAction(KeyCodeMap[i][j]); //è°ƒç”¨æŒ‰é”®åŠ¨ä½œå‡½æ•°
  49   5                      }
  50   4                      backup[i][j] = KeySta[i][j];     //åˆ·æ–°å‰ä¸€æ¬¡çš„å¤‡ä»½å€¼
  51   4                  }
  52   3              }
  53   2          }
  54   1      }
C51 COMPILER V9.54   KEYBOARD                                                              02/17/2024 21:45:27 PAGE 2   

  55          /* æŒ‰é”®æ‰«æå‡½æ•°ï¼Œéœ€åœ¨å®šæ—¶ä¸­æ–­ä¸­è°ƒç”¨ï¼Œæ¨èè°ƒç”¨é—´éš”1ms */
  56          void KeyScan()
  57          {
  58   1          unsigned char i;
  59   1          static unsigned char keyout = 0;   //çŸ©é˜µæŒ‰é”®æ‰«æè¾“å‡ºç´¢å¼•
  60   1          static unsigned char keybuf[4][4] = {  //çŸ©é˜µæŒ‰é”®æ‰«æç¼“å†²åŒº
  61   1              {0xFF, 0xFF, 0xFF, 0xFF},  {0xFF, 0xFF, 0xFF, 0xFF},
  62   1              {0xFF, 0xFF, 0xFF, 0xFF},  {0xFF, 0xFF, 0xFF, 0xFF}
  63   1          };
  64   1      
  65   1          //å°†ä¸€è¡Œçš„4ä¸ªæŒ‰é”®å€¼ç§»å…¥ç¼“å†²åŒº
  66   1          keybuf[keyout][0] = (keybuf[keyout][0] << 1) | KEY_IN_1;
  67   1          keybuf[keyout][1] = (keybuf[keyout][1] << 1) | KEY_IN_2;
  68   1          keybuf[keyout][2] = (keybuf[keyout][2] << 1) | KEY_IN_3;
  69   1          keybuf[keyout][3] = (keybuf[keyout][3] << 1) | KEY_IN_4;
  70   1          //æ¶ˆæŠ–åæ›´æ–°æŒ‰é”®çŠ¶æ€
  71   1          for (i=0; i<4; i++)  //æ¯è¡Œ4ä¸ªæŒ‰é”®ï¼Œæ‰€ä»¥å¾ªç¯4æ¬¡
  72   1          {
  73   2              if ((keybuf[keyout][i] & 0x0F) == 0x00)
  74   2              {   //è¿ç»­4æ¬¡æ‰«æå€¼ä¸º0ï¼Œå³4*4mså†…éƒ½æ˜¯æŒ‰ä¸‹çŠ¶æ€æ—¶ï¼Œå¯è®¤ä¸ºæŒ‰é”®å·²ç¨³å®šçš„æŒ‰ä
             -¸‹
  75   3                  KeySta[keyout][i] = 0;
  76   3              }
  77   2              else if ((keybuf[keyout][i] & 0x0F) == 0x0F)
  78   2              {   //è¿ç»­4æ¬¡æ‰«æå€¼ä¸º1ï¼Œå³4*4mså†…éƒ½æ˜¯å¼¹èµ·çŠ¶æ€æ—¶ï¼Œå¯è®¤ä¸ºæŒ‰é”®å·²ç¨³å®šçš„å¼¹è
             -µ·
  79   3                  KeySta[keyout][i] = 1;
  80   3              }
  81   2          }
  82   1          //æ‰§è¡Œä¸‹ä¸€æ¬¡çš„æ‰«æè¾“å‡º
  83   1          keyout++;         //è¾“å‡ºç´¢å¼•é€’å¢
  84   1          keyout &= 0x03;   //ç´¢å¼•å€¼åŠ åˆ°4å³å½’é›¶
  85   1          switch (keyout)   //æ ¹æ®ç´¢å¼•ï¼Œé‡Šæ”¾å½“å‰è¾“å‡ºå¼•è„šï¼Œæ‹‰ä½ä¸‹æ¬¡çš„è¾“å‡ºå¼•è„š
  86   1          {
  87   2              case 0: KEY_OUT_4 = 1; KEY_OUT_1 = 0; break;
  88   2              case 1: KEY_OUT_1 = 1; KEY_OUT_2 = 0; break;
  89   2              case 2: KEY_OUT_2 = 1; KEY_OUT_3 = 0; break;
  90   2              case 3: KEY_OUT_3 = 1; KEY_OUT_4 = 0; break;
  91   2              default: break;
  92   2          }
  93   1      }


MODULE INFORMATION:   STATIC OVERLAYABLE
   CODE SIZE        =    327    ----
   CONSTANT SIZE    =     16    ----
   XDATA SIZE       =   ----    ----
   PDATA SIZE       =     32    ----
   DATA SIZE        =     17       2
   IDATA SIZE       =   ----    ----
   BIT SIZE         =   ----    ----
END OF MODULE INFORMATION.


C51 COMPILATION COMPLETE.  0 WARNING(S),  0 ERROR(S)
