C51 COMPILER V9.54   MAIN                                                                  01/20/2024 23:52:26 PAGE 1   


C51 COMPILER V9.54, COMPILATION OF MODULE MAIN
OBJECT MODULE PLACED IN .\Objects\main.obj
COMPILER INVOKED BY: D:\software\Keil_v5\C51\BIN\C51.EXE main.c OPTIMIZE(8,SPEED) BROWSE DEBUG OBJECTEXTEND PRINT(.\List
                    -ings\main.lst) TABS(2) OBJECT(.\Objects\main.obj)

line level    source

   1          #include<reg52.h>
   2          
   3          sbit ADDR0 = P1^0;
   4          sbit ADDR1 = P1^1;
   5          sbit ADDR2 = P1^2;
   6          sbit ADDR3 = P1^3;
   7          sbit ENLED = P1^4;
   8          
   9          unsigned char code image[] = {
  10          0xFF,0xFF,0xFF,0xFF,0xFF,0xFF,0xFF,0xFF,0x81,0xE7,0xE7,0xE7,0xE7,0xE7,0x81,0xFF,
  11          0xFF,0x99,0x00,0x00,0x00,0x81,0xC3,0xE7,0xFF,0x3C,0x3C,0x3C,0x3C,0x3C,0x81,0x81,
  12          0xFF,0x81,0x81,0xE7,0xE7,0xE7,0xE3,0xE3,0xFF,0x81,0x81,0xE7,0xE7,0xE7,0xE3,0xE3,
  13          0xFF,0x00,0x00,0x66,0x66,0x66,0x66,0x66,0xFF,0xFF,0xFF,0xFF,0xFF,0xFF,0xFF,0xFF,  };  
  14          void main()
  15          {
  16   1        EA = 1;
  17   1        ENLED = 0;
  18   1        ADDR3 = 0;
  19   1        TMOD = 0x01;
  20   1        TH0 = 0xFC;
  21   1        TL0 = 0x67;
  22   1        ET0 = 1;
  23   1        TR0 = 1;
  24   1        while(1);
  25   1      }
  26          
  27          void InterruptTimer0() interrupt 1
  28          {
  29   1        static unsigned char i = 0;
  30   1        static unsigned char index = 0;
  31   1        static unsigned char tmr = 0;
  32   1        TH0 = 0xFC;
  33   1        TL0 = 0x67;
  34   1      
  35   1        P0 = 0xFF;
  36   1        switch(i)
  37   1        {
  38   2          case 0: ADDR2=0; ADDR1=0; ADDR0=0; i++; P0=image[index + 0];break;
  39   2          case 1: ADDR2=0; ADDR1=0; ADDR0=1; i++; P0=image[index + 1];break;
  40   2          case 2: ADDR2=0; ADDR1=1; ADDR0=0; i++; P0=image[index + 2];break;
  41   2          case 3: ADDR2=0; ADDR1=1; ADDR0=1; i++; P0=image[index + 3];break;
  42   2          case 4: ADDR2=1; ADDR1=0; ADDR0=0; i++; P0=image[index + 4];break;
  43   2          case 5: ADDR2=1; ADDR1=0; ADDR0=1; i++; P0=image[index + 5];break;
  44   2          case 6: ADDR2=1; ADDR1=1; ADDR0=0; i++; P0=image[index + 6];break;
  45   2          case 7: ADDR2=1; ADDR1=1; ADDR0=1; i=0; P0=image[index + 7];break;
  46   2          default: break;
  47   2        }
  48   1      
  49   1        tmr++;
  50   1        if(tmr >= 250)
  51   1        {
  52   2          tmr = 0;
  53   2          index++;
  54   2          if(index >= 56)
C51 COMPILER V9.54   MAIN                                                                  01/20/2024 23:52:26 PAGE 2   

  55   2          {
  56   3            index = 0;
  57   3          }
  58   2        }
  59   1      
  60   1      
  61   1      }


MODULE INFORMATION:   STATIC OVERLAYABLE
   CODE SIZE        =    240    ----
   CONSTANT SIZE    =     64    ----
   XDATA SIZE       =   ----    ----
   PDATA SIZE       =   ----    ----
   DATA SIZE        =      3    ----
   IDATA SIZE       =   ----    ----
   BIT SIZE         =   ----    ----
END OF MODULE INFORMATION.


C51 COMPILATION COMPLETE.  0 WARNING(S),  0 ERROR(S)
