C51 COMPILER V9.54   MAIN                                                                  01/19/2024 21:20:39 PAGE 1   


C51 COMPILER V9.54, COMPILATION OF MODULE MAIN
OBJECT MODULE PLACED IN .\Objects\main.obj
COMPILER INVOKED BY: D:\software\Keil_v5\C51\BIN\C51.EXE main.c OPTIMIZE(8,SPEED) BROWSE DEBUG OBJECTEXTEND PRINT(.\List
                    -ings\main.lst) TABS(2) OBJECT(.\Objects\main.obj)

line level    source

   1          #include<reg52.h>
   2          
   3          sbit ADDR0 = P1^0;
   4          sbit ADDR1 = P1^1;
   5          sbit ADDR2 = P1^2;
   6          sbit ADDR3 = P1^3;
   7          sbit ENLED = P1^4;
   8          
   9          unsigned char code LedChar[]={
  10            0xC0, 0xF9, 0xA4, 0xB0, 0x99, 0x92, 0x82, 0xF8,
  11            0x80, 0x90, 0x88, 0x83, 0xC6, 0xA1, 0x86, 0x8E
  12            };
  13          
  14          unsigned char LedBuff[6]={
  15            0xFF, 0xFF, 0xFF, 0xFF, 0xFF, 0xFF
  16            };
  17          
  18          void main()
  19          {
  20   1        unsigned int cnt = 0;
  21   1        unsigned long sec = 0;
  22   1        unsigned char i = 0;
  23   1      
  24   1        ENLED = 0;
  25   1        ADDR3 = 1;
  26   1        TMOD = 0x01;
  27   1        TH0 = 0xFC;
  28   1        TL0 = 0x67;
  29   1        TR0 = 1;
  30   1      
  31   1        while(1)
  32   1        {
  33   2          if(TF0 ==1)
  34   2          {
  35   3            TF0 = 0;
  36   3            TH0 = 0xFC;
  37   3            TL0 = 0x67;
  38   3            cnt++;
  39   3            if(cnt >= 1000)   
  40   3            {
  41   4              cnt = 0;
  42   4              sec++;
  43   4              LedBuff[0] = LedChar[sec%10];
  44   4              LedBuff[1] = LedChar[sec/10%10];
  45   4              LedBuff[2] = LedChar[sec/100%10];
  46   4              LedBuff[3] = LedChar[sec/1000%10];
  47   4              LedBuff[4] = LedChar[sec/10000%10];
  48   4              LedBuff[5] = LedChar[sec/100000%10];
  49   4            }
  50   3      
  51   3            if(i == 0)
  52   3            {ADDR2=0; ADDR1=0; ADDR0=0; i++; P0=LedBuff[0];}
  53   3            else if(i == 1)
  54   3            {ADDR2=0; ADDR1=0; ADDR0=1; i++; P0=LedBuff[1];}
C51 COMPILER V9.54   MAIN                                                                  01/19/2024 21:20:39 PAGE 2   

  55   3            else if(i == 2)
  56   3            {ADDR2=0; ADDR1=1; ADDR0=0; i++; P0=LedBuff[2];}
  57   3            else if(i == 3)
  58   3            {ADDR2=0; ADDR1=1; ADDR0=1; i++; P0=LedBuff[3];}
  59   3            else if(i == 4)
  60   3            {ADDR2=1; ADDR1=0; ADDR0=0; i++; P0=LedBuff[4];}
  61   3            else if(i == 5)
  62   3            {ADDR2=1; ADDR1=0; ADDR0=1; i=0; P0=LedBuff[5];}
  63   3      
  64   3          }
  65   2        }
  66   1      }


MODULE INFORMATION:   STATIC OVERLAYABLE
   CODE SIZE        =    439    ----
   CONSTANT SIZE    =     16    ----
   XDATA SIZE       =   ----    ----
   PDATA SIZE       =   ----    ----
   DATA SIZE        =      6       7
   IDATA SIZE       =   ----    ----
   BIT SIZE         =   ----    ----
END OF MODULE INFORMATION.


C51 COMPILATION COMPLETE.  0 WARNING(S),  0 ERROR(S)
