C51 COMPILER V9.54   KEYBOARD                                                              02/14/2024 22:11:25 PAGE 1   


C51 COMPILER V9.54, COMPILATION OF MODULE KEYBOARD
OBJECT MODULE PLACED IN .\Objects\keyboard.obj
COMPILER INVOKED BY: D:\software\Keil_v5\C51\BIN\C51.EXE keyboard.c OPTIMIZE(8,SPEED) BROWSE DEBUG OBJECTEXTEND PRINT(.\
                    -Listings\keyboard.lst) TABS(2) OBJECT(.\Objects\keyboard.obj)

line level    source

   1          #include <reg52.h>
   2          
   3          sbit KEY_IN_1  = P2^4;
   4          sbit KEY_IN_2  = P2^5;
   5          sbit KEY_IN_3  = P2^6;
   6          sbit KEY_IN_4  = P2^7;
   7          sbit KEY_OUT_1 = P2^3;
   8          sbit KEY_OUT_2 = P2^2;
   9          sbit KEY_OUT_3 = P2^1;
  10          sbit KEY_OUT_4 = P2^0;
  11          
  12          unsigned char code KeyCodeMap[4][4] = { //çŸ©é˜µæŒ‰é”®ç¼–å·åˆ°æ ‡å‡†é”®ç›˜é”®ç çš„æ˜ å°„è¡¨
  13              { '1',  '2',  '3', 0x26 }, //æ•°å­—é”®1ã€æ•°å­—é”®2ã€æ•°å­—é”®3ã€å‘ä¸Šé”®
  14              { '4',  '5',  '6', 0x25 }, //æ•°å­—é”®4ã€æ•°å­—é”®5ã€æ•°å­—é”®6ã€å‘å·¦é”®
  15              { '7',  '8',  '9', 0x28 }, //æ•°å­—é”®7ã€æ•°å­—é”®8ã€æ•°å­—é”®9ã€å‘ä¸‹é”®
  16              { '0', 0x1B, 0x0D, 0x27 }  //æ•°å­—é”®0ã€ESCé”®ã€  å›žè½¦é”®ã€ å‘å³é”®
  17          };
  18          
  19          unsigned char pdata KeySta[4][4] = {  //å…¨éƒ¨çŸ©é˜µæŒ‰é”®çš„å½“å‰çŠ¶æ€
  20              {1, 1, 1, 1},  {1, 1, 1, 1},  {1, 1, 1, 1},  {1, 1, 1, 1}
  21          };
  22          extern void Reset();
  23          extern void GetResult();
  24          extern void NumKeyAction(unsigned char n);
  25          extern void OprtKeyAction(unsigned char type);
  26          extern void LcdShowStr(unsigned char x, unsigned char y, unsigned char *str);
  27          
  28          void KeyAction(unsigned char keycode)
  29          {
  30   1        if((keycode >= '0') && (keycode <= '9'))
  31   1        {
  32   2          NumKeyAction(keycode - '0');  
  33   2        }
  34   1        else if(keycode == 0x26)
  35   1        {
  36   2          OprtKeyAction(0);
  37   2        }
  38   1        else if(keycode == 0x28)
  39   1        {
  40   2          OprtKeyAction(1);
  41   2        }
  42   1        else if(keycode == 0x25)
  43   1        {
  44   2          OprtKeyAction(2);
  45   2        }
  46   1        else if(keycode == 0x27)
  47   1        {
  48   2          OprtKeyAction(3);
  49   2        }
  50   1        else if(keycode == 0x0D)
  51   1        {
  52   2          GetResult();
  53   2        }
  54   1        else if(keycode == 0x1B)
C51 COMPILER V9.54   KEYBOARD                                                              02/14/2024 22:11:25 PAGE 2   

  55   1        {
  56   2          Reset();
  57   2          LcdShowStr(15, 1, "0");
  58   2        }
  59   1      }
  60          /* æŒ‰é”®é©±åŠ¨å‡½æ•°ï¼Œæ£€æµ‹æŒ‰é”®åŠ¨ä½œï¼Œè°ƒåº¦ç›¸åº”åŠ¨ä½œå‡½æ•°ï¼Œéœ€åœ¨ä¸»å¾ªçŽ¯ä¸­è°ƒç”¨ */
  61          void KeyDriver()
  62          {
  63   1          unsigned char i, j;
  64   1          static unsigned char pdata backup[4][4] = {  //æŒ‰é”®å€¼å¤‡ä»½ï¼Œä¿å­˜å‰ä¸€æ¬¡çš„å€¼
  65   1              {1, 1, 1, 1},  {1, 1, 1, 1},  {1, 1, 1, 1},  {1, 1, 1, 1}
  66   1          };
  67   1          
  68   1          for (i=0; i<4; i++)  //å¾ªçŽ¯æ£€æµ‹4*4çš„çŸ©é˜µæŒ‰é”®
  69   1          {
  70   2              for (j=0; j<4; j++)
  71   2              {
  72   3                  if (backup[i][j] != KeySta[i][j])    //æ£€æµ‹æŒ‰é”®åŠ¨ä½œ
  73   3                  {
  74   4                      if (backup[i][j] != 0)           //æŒ‰é”®æŒ‰ä¸‹æ—¶æ‰§è¡ŒåŠ¨ä½œ
  75   4                      {
  76   5                          KeyAction(KeyCodeMap[i][j]); //è°ƒç”¨æŒ‰é”®åŠ¨ä½œå‡½æ•°
  77   5                      }
  78   4                      backup[i][j] = KeySta[i][j];     //åˆ·æ–°å‰ä¸€æ¬¡çš„å¤‡ä»½å€¼
  79   4                  }
  80   3              }
  81   2          }
  82   1      }
  83          
  84          /* æŒ‰é”®æ‰«æå‡½æ•°ï¼Œéœ€åœ¨å®šæ—¶ä¸­æ–­ä¸­è°ƒç”¨ï¼ŒæŽ¨èè°ƒç”¨é—´éš”1ms */
  85          void KeyScan()
  86          {
  87   1          unsigned char i;
  88   1          static unsigned char keyout = 0;   //çŸ©é˜µæŒ‰é”®æ‰«æè¾“å‡ºç´¢å¼•
  89   1          static unsigned char keybuf[4][4] = {  //çŸ©é˜µæŒ‰é”®æ‰«æç¼“å†²åŒº
  90   1              {0xFF, 0xFF, 0xFF, 0xFF},  {0xFF, 0xFF, 0xFF, 0xFF},
  91   1              {0xFF, 0xFF, 0xFF, 0xFF},  {0xFF, 0xFF, 0xFF, 0xFF}
  92   1          };
  93   1      
  94   1          //å°†ä¸€è¡Œçš„4ä¸ªæŒ‰é”®å€¼ç§»å…¥ç¼“å†²åŒº
  95   1          keybuf[keyout][0] = (keybuf[keyout][0] << 1) | KEY_IN_1;
  96   1          keybuf[keyout][1] = (keybuf[keyout][1] << 1) | KEY_IN_2;
  97   1          keybuf[keyout][2] = (keybuf[keyout][2] << 1) | KEY_IN_3;
  98   1          keybuf[keyout][3] = (keybuf[keyout][3] << 1) | KEY_IN_4;
  99   1          //æ¶ˆæŠ–åŽæ›´æ–°æŒ‰é”®çŠ¶æ€
 100   1          for (i=0; i<4; i++)  //æ¯è¡Œ4ä¸ªæŒ‰é”®ï¼Œæ‰€ä»¥å¾ªçŽ¯4æ¬¡
 101   1          {
 102   2              if ((keybuf[keyout][i] & 0x0F) == 0x00)
 103   2              {   //è¿žç»­4æ¬¡æ‰«æå€¼ä¸º0ï¼Œå³4*4mså†…éƒ½æ˜¯æŒ‰ä¸‹çŠ¶æ€æ—¶ï¼Œå¯è®¤ä¸ºæŒ‰é”®å·²ç¨³å®šçš„æŒ‰ä
             -¸‹
 104   3                  KeySta[keyout][i] = 0;
 105   3              }
 106   2              else if ((keybuf[keyout][i] & 0x0F) == 0x0F)
 107   2              {   //è¿žç»­4æ¬¡æ‰«æå€¼ä¸º1ï¼Œå³4*4mså†…éƒ½æ˜¯å¼¹èµ·çŠ¶æ€æ—¶ï¼Œå¯è®¤ä¸ºæŒ‰é”®å·²ç¨³å®šçš„å¼¹è
             -µ·
 108   3                  KeySta[keyout][i] = 1;
 109   3              }
 110   2          }
 111   1          //æ‰§è¡Œä¸‹ä¸€æ¬¡çš„æ‰«æè¾“å‡º
 112   1          keyout++;         //è¾“å‡ºç´¢å¼•é€’å¢ž
 113   1          keyout &= 0x03;   //ç´¢å¼•å€¼åŠ åˆ°4å³å½’é›¶
 114   1          switch (keyout)   //æ ¹æ®ç´¢å¼•ï¼Œé‡Šæ”¾å½“å‰è¾“å‡ºå¼•è„šï¼Œæ‹‰ä½Žä¸‹æ¬¡çš„è¾“å‡ºå¼•è„š
C51 COMPILER V9.54   KEYBOARD                                                              02/14/2024 22:11:25 PAGE 3   

 115   1          {
 116   2              case 0: KEY_OUT_4 = 1; KEY_OUT_1 = 0; break;
 117   2              case 1: KEY_OUT_1 = 1; KEY_OUT_2 = 0; break;
 118   2              case 2: KEY_OUT_2 = 1; KEY_OUT_3 = 0; break;
 119   2              case 3: KEY_OUT_3 = 1; KEY_OUT_4 = 0; break;
 120   2              default: break;
 121   2          }
 122   1      }


MODULE INFORMATION:   STATIC OVERLAYABLE
   CODE SIZE        =    418    ----
   CONSTANT SIZE    =     18    ----
   XDATA SIZE       =   ----    ----
   PDATA SIZE       =     32    ----
   DATA SIZE        =     17       3
   IDATA SIZE       =   ----    ----
   BIT SIZE         =   ----    ----
END OF MODULE INFORMATION.


C51 COMPILATION COMPLETE.  0 WARNING(S),  0 ERROR(S)
