C51 COMPILER V9.54   MAIN                                                                  02/14/2024 16:08:14 PAGE 1   


C51 COMPILER V9.54, COMPILATION OF MODULE MAIN
OBJECT MODULE PLACED IN .\Objects\main.obj
COMPILER INVOKED BY: D:\software\Keil_v5\C51\BIN\C51.EXE main.c OPTIMIZE(8,SPEED) BROWSE DEBUG OBJECTEXTEND PRINT(.\List
                    -ings\main.lst) TABS(2) OBJECT(.\Objects\main.obj)

line level    source

   1          #include<reg52.h>
   2          void ConfigUART(unsigned int baud);
   3          
   4          void main()
   5          {
   6   1        ConfigUART(9600);
   7   1      
   8   1        while(1)
   9   1        {
  10   2          while(!RI);
  11   2          RI = 0;
  12   2          SBUF = SBUF + 1;//第一个是发送buffer，第二个是接收
  13   2          while(!TI);
  14   2          TI = 0;   
  15   2        }
  16   1      }
  17          
  18          void ConfigUART(unsigned int baud)//配置波特率
  19          {
  20   1        SCON = 0x50;
  21   1        TMOD &= 0X0F;
  22   1        TMOD |= 0x20;
  23   1        TH1 = 256 - (11059200/12/32)/baud;
  24   1        TL1 = TH1;
  25   1        ET1 = 0;//T1用作波特率发生器的时候，就不能用T1产生中断
  26   1        TR1 = 1;
  27   1      }


MODULE INFORMATION:   STATIC OVERLAYABLE
   CODE SIZE        =     59    ----
   CONSTANT SIZE    =   ----    ----
   XDATA SIZE       =   ----    ----
   PDATA SIZE       =   ----    ----
   DATA SIZE        =   ----    ----
   IDATA SIZE       =   ----    ----
   BIT SIZE         =   ----    ----
END OF MODULE INFORMATION.


C51 COMPILATION COMPLETE.  0 WARNING(S),  0 ERROR(S)
