C51 COMPILER V9.54   MAIN                                                                  01/23/2024 23:26:35 PAGE 1   


C51 COMPILER V9.54, COMPILATION OF MODULE MAIN
OBJECT MODULE PLACED IN .\Objects\main.obj
COMPILER INVOKED BY: D:\software\Keil_v5\C51\BIN\C51.EXE main.c OPTIMIZE(8,SPEED) BROWSE DEBUG OBJECTEXTEND PRINT(.\List
                    -ings\main.lst) TABS(2) OBJECT(.\Objects\main.obj)

line level    source

   1          #include <reg52.h>
   2          
   3          sbit ADDR0 = P1^0;
   4          sbit ADDR1 = P1^1;
   5          sbit ADDR2 = P1^2;
   6          sbit ADDR3 = P1^3;
   7          sbit ENLED = P1^4;
   8          
   9          sbit KEY4 = P2^7;
  10          
  11          // 数码管显示的字符编码
  12          unsigned char code LedChar[] = {
  13              0xC0, 0xF9, 0xA4, 0xB0, 0x99, 0x92, 0x82, 0xF8,
  14              0x80, 0x90, 0x88, 0x83, 0xC6, 0xA1, 0x86, 0x8E
  15          };
  16          
  17          // 延时函数
  18          void delay() {
  19   1          unsigned int i = 1000;
  20   1          while (i--);
  21   1      }
  22          
  23          void main() {
  24   1          bit backup = 1;   // 用于记录按钮按下状态的备份
  25   1          bit keybuf = 1;   // 用于记录按钮当前状态
  26   1          unsigned char cnt = 0;  // 计数器
  27   1      
  28   1          ENLED = 0;
  29   1          ADDR3 = 1;
  30   1          ADDR2 = 0;
  31   1          ADDR1 = 0;
  32   1          ADDR0 = 0;
  33   1          P2 = 0xF7;
  34   1          P0 = LedChar[cnt]; // 初始化数码管显示
  35   1      
  36   1          while (1) {
  37   2              keybuf = KEY4; // 读取按钮当前状态
  38   2              if (keybuf != backup) { // 如果按钮状态发生变化
  39   3                  delay(); // 延时防抖
  40   3                  if (keybuf == KEY4) { // 如果按钮仍然处于按下状态
  41   4                      if (backup == 0) { // 如果之前是按下的状态
  42   5                          cnt++; // 计数器递增
  43   5                          if (cnt >= 10) {
  44   6                              cnt = 0;
  45   6                          }
  46   5                          P0 = LedChar[cnt]; // 更新数码管显示
  47   5                      }
  48   4                      backup = KEY4; // 更新按钮状态备份
  49   4                  }
  50   3              }
  51   2          }
  52   1      }


C51 COMPILER V9.54   MAIN                                                                  01/23/2024 23:26:35 PAGE 2   

MODULE INFORMATION:   STATIC OVERLAYABLE
   CODE SIZE        =     87    ----
   CONSTANT SIZE    =     16    ----
   XDATA SIZE       =   ----    ----
   PDATA SIZE       =   ----    ----
   DATA SIZE        =   ----    ----
   IDATA SIZE       =   ----    ----
   BIT SIZE         =   ----       2
END OF MODULE INFORMATION.


C51 COMPILATION COMPLETE.  0 WARNING(S),  0 ERROR(S)
