C51 COMPILER V9.54   MAIN                                                                  02/14/2024 16:13:32 PAGE 1   


C51 COMPILER V9.54, COMPILATION OF MODULE MAIN
OBJECT MODULE PLACED IN .\Objects\main.obj
COMPILER INVOKED BY: D:\software\Keil_v5\C51\BIN\C51.EXE main.c OPTIMIZE(8,SPEED) BROWSE DEBUG OBJECTEXTEND PRINT(.\List
                    -ings\main.lst) TABS(2) OBJECT(.\Objects\main.obj)

line level    source

   1          #include <reg52.h>
   2          
   3          void ConfigUART(unsigned int baud);
   4          
   5          void main()
   6          {
   7   1          EA = 1;   //使能总中断
   8   1          ConfigUART(9600);  //配置波特率为9600
   9   1          while(1);
  10   1      }
  11          void ConfigUART(unsigned int baud)
  12          {
  13   1          SCON  = 0x50;  //配置串口为模式1
  14   1          TMOD &= 0x0F;  //清零T1的控制位
  15   1          TMOD |= 0x20;  //配置T1为模式2
  16   1          TH1 = 256 - (11059200/12/32)/baud;  //计算T1重载值
  17   1          TL1 = TH1;     //初值等于重载值
  18   1          ET1 = 0;       //禁止T1中断
  19   1          ES  = 1;       //使能串口中断
  20   1          TR1 = 1;       //启动T1
  21   1      }
  22          
  23          void InterruptUART() interrupt 4
  24          {
  25   1        if(RI)
  26   1        {
  27   2          RI = 0;
  28   2          SBUF = SBUF + 1;
  29   2        }
  30   1        if(TI)
  31   1        {
  32   2          TI = 0;
  33   2        }
  34   1      }


MODULE INFORMATION:   STATIC OVERLAYABLE
   CODE SIZE        =     64    ----
   CONSTANT SIZE    =   ----    ----
   XDATA SIZE       =   ----    ----
   PDATA SIZE       =   ----    ----
   DATA SIZE        =   ----    ----
   IDATA SIZE       =   ----    ----
   BIT SIZE         =   ----    ----
END OF MODULE INFORMATION.


C51 COMPILATION COMPLETE.  0 WARNING(S),  0 ERROR(S)
