C51 COMPILER V9.54   MAIN                                                                  02/13/2024 18:13:36 PAGE 1   


C51 COMPILER V9.54, COMPILATION OF MODULE MAIN
OBJECT MODULE PLACED IN .\Objects\main.obj
COMPILER INVOKED BY: D:\software\Keil_v5\C51\BIN\C51.EXE main.c OPTIMIZE(8,SPEED) BROWSE DEBUG OBJECTEXTEND PRINT(.\List
                    -ings\main.lst) TABS(2) OBJECT(.\Objects\main.obj)

line level    source

   1          #include<reg52.h>
   2          
   3          sbit BUZZ = P1^6;
   4          
   5          unsigned char T0RH=0;
   6          unsigned char T0RL=0;
   7          void OpenBuzz(unsigned int frequ);
   8          void StopBuzz();
   9          
  10          void main()
  11          {
  12   1        unsigned int i;
  13   1      
  14   1        EA =1;
  15   1        TMOD = 0x01;
  16   1      
  17   1        while(1)
  18   1        {
  19   2          OpenBuzz(4000);
  20   2          for(i=0; i<40000; i++);
  21   2          StopBuzz();
  22   2          for(i=0; i<40000; i++);
  23   2          OpenBuzz(1000);
  24   2          for(i=0; i<40000; i++);
  25   2          StopBuzz();
  26   2          for(i=0; i<40000; i++);
  27   2      
  28   2        }
  29   1      }
  30          
  31          void OpenBuzz(unsigned int frequ)
  32          {
  33   1        unsigned int reload;
  34   1      
  35   1        reload = 65536 - (11059200/12)/(frequ*2); 
  36   1        T0RH = (unsigned char)(reload >>8);
  37   1        T0RL = (unsigned char)reload;
  38   1      
  39   1        TH0 = 0xFF;
  40   1        TL0 = 0xFE;
  41   1      
  42   1        ET0 = 1;
  43   1        TR0 = 1;
  44   1      }
  45          
  46          void StopBuzz()
  47          {
  48   1        ET0 = 0;
  49   1        TR0 = 0;
  50   1      }
  51          
  52          void InterruptTimer0() interrupt 1
  53          {
  54   1        TH0 = T0RH;
C51 COMPILER V9.54   MAIN                                                                  02/13/2024 18:13:36 PAGE 2   

  55   1        TL0 = T0RL;
  56   1        BUZZ = ~BUZZ;
  57   1      }


MODULE INFORMATION:   STATIC OVERLAYABLE
   CODE SIZE        =    189    ----
   CONSTANT SIZE    =   ----    ----
   XDATA SIZE       =   ----    ----
   PDATA SIZE       =   ----    ----
   DATA SIZE        =      2    ----
   IDATA SIZE       =   ----    ----
   BIT SIZE         =   ----    ----
END OF MODULE INFORMATION.


C51 COMPILATION COMPLETE.  0 WARNING(S),  0 ERROR(S)
