C51 COMPILER V9.54   MAIN                                                                  01/24/2024 16:38:29 PAGE 1   


C51 COMPILER V9.54, COMPILATION OF MODULE MAIN
OBJECT MODULE PLACED IN .\Objects\main.obj
COMPILER INVOKED BY: D:\software\Keil_v5\C51\BIN\C51.EXE main.c OPTIMIZE(8,SPEED) BROWSE DEBUG OBJECTEXTEND PRINT(.\List
                    -ings\main.lst) TABS(2) OBJECT(.\Objects\main.obj)

line level    source

   1          #include<reg52.h>
   2          
   3          sbit ADDR0 = P1^0;
   4          sbit ADDR1 = P1^1;
   5          sbit ADDR2 = P1^2;
   6          sbit ADDR3 = P1^3;
   7          sbit ENLED = P1^4;
   8          
   9          sbit KEY_IN_1 = P2^4;
  10          sbit KEY_IN_2 = P2^5;
  11          sbit KEY_IN_3 = P2^6;
  12          sbit KEY_IN_4 = P2^7;
  13          sbit KEY_OUT_1 = P2^3;
  14          sbit KEY_OUT_2 = P2^2;
  15          sbit KEY_OUT_3 = P2^1;
  16          sbit KEY_OUT_4 = P2^0;
  17          
  18          unsigned char code LedChar[]={
  19            0xC0, 0xF9, 0xA4, 0xB0, 0x99, 0x92, 0x82, 0xF8,
  20            0x80, 0x90, 0x88, 0x83, 0xC6, 0xA1, 0x86, 0x8E
  21            };
  22          unsigned char KeySta[4][4] = { 
  23            {1,1,1,1},{1,1,1,1},{1,1,1,1},{1,1,1,1}
  24            };
  25          
  26          void main()
  27          {
  28   1        unsigned char i, j;
  29   1        unsigned char backup [4][4] = {
  30   1        {1,1,1,1},{1,1,1,1},{1,1,1,1},{1,1,1,1}
  31   1        };
  32   1        
  33   1      
  34   1        EA = 1;
  35   1        ENLED = 0;
  36   1        ADDR3 = 1;
  37   1        ADDR2 = 0;
  38   1        ADDR1 = 0;
  39   1        ADDR0 = 0;
  40   1        TMOD = 0x01;
  41   1        TH0 = 0xFC;
  42   1        TL0 = 0x67;
  43   1        ET0 = 1;
  44   1        TR0 = 1;
  45   1        P0 = LedChar[0];
  46   1      
  47   1        while(1)
  48   1        {
  49   2          for(i=0; i<4; i++)
  50   2          {
  51   3            for(j=0; j<4; j++)
  52   3            {
  53   4              if(backup[i][j] != KeySta[i][j])
  54   4              {
C51 COMPILER V9.54   MAIN                                                                  01/24/2024 16:38:29 PAGE 2   

  55   5                if(backup[i][j] == 0)
  56   5                {
  57   6                  P0 = LedChar[i*4+j];
  58   6                }
  59   5                backup[i][j] = KeySta[i][j];
  60   5              }
  61   4            } 
  62   3          } 
  63   2        }
  64   1      }
  65          
  66          void InterruptTimer0() interrupt 1
  67          {
  68   1        static unsigned char keyout = 0;
  69   1        unsigned char i = 0;
  70   1        static unsigned char keybuf[4][4] = {
  71   1        {0xFF, 0xFF, 0xFF, 0xFF},
  72   1        {0xFF, 0xFF, 0xFF, 0xFF},
  73   1        {0xFF, 0xFF, 0xFF, 0xFF},
  74   1        {0xFF, 0xFF, 0xFF, 0xFF}
  75   1        };
  76   1        
  77   1      
  78   1        TH0 = 0xFC;
  79   1        TL0 = 0x67;
  80   1      
  81   1        keybuf[keyout][0] = (keybuf[keyout][0] <<1) | KEY_IN_1;
  82   1        keybuf[keyout][1] = (keybuf[keyout][1] <<1) | KEY_IN_2;
  83   1        keybuf[keyout][2] = (keybuf[keyout][2] <<1) | KEY_IN_3;
  84   1        keybuf[keyout][3] = (keybuf[keyout][3] <<1) | KEY_IN_4;
  85   1        
  86   1        for(i=0; i<4; i++)
  87   1        {
  88   2          if((keybuf[keyout][i] & 0x0F) == 0x00)
  89   2          {
  90   3            KeySta[keyout][i] = 0;
  91   3          }
  92   2          else if((keybuf[keyout][i] & 0x0F) == 0x0F)
  93   2          {
  94   3            KeySta[keyout][i] = 1;
  95   3          }
  96   2        }
  97   1      
  98   1        keyout++;
  99   1        keyout = keyout & 0x03;
 100   1        switch(keyout)
 101   1        {
 102   2          case 0: KEY_OUT_4 = 1; KEY_OUT_1 = 0; break;
 103   2          case 1: KEY_OUT_1 = 1; KEY_OUT_2 = 0;  break;
 104   2          case 2: KEY_OUT_2 = 1; KEY_OUT_3 = 0; break;
 105   2          case 3: KEY_OUT_3 = 1; KEY_OUT_4 = 0;  break;
 106   2          default: break;
 107   2      
 108   2        }
 109   1      }


MODULE INFORMATION:   STATIC OVERLAYABLE
   CODE SIZE        =    376    ----
   CONSTANT SIZE    =     32    ----
   XDATA SIZE       =   ----    ----
   PDATA SIZE       =   ----    ----
C51 COMPILER V9.54   MAIN                                                                  01/24/2024 16:38:29 PAGE 3   

   DATA SIZE        =     33      16
   IDATA SIZE       =   ----    ----
   BIT SIZE         =   ----    ----
END OF MODULE INFORMATION.


C51 COMPILATION COMPLETE.  0 WARNING(S),  0 ERROR(S)
